#
# There is insufficient memory for the Java Runtime Environment to continue.
# Native memory allocation (malloc) failed to allocate 347936 bytes for Chunk::new
# Possible reasons:
#   The system is out of physical RAM or swap space
#   The process is running with CompressedOops enabled, and the Java Heap may be blocking the growth of the native heap
# Possible solutions:
#   Reduce memory load on the system
#   Increase physical memory or swap space
#   Check if swap backing store is full
#   Decrease Java heap size (-Xmx/-Xms)
#   Decrease number of Java threads
#   Decrease Java thread stack sizes (-Xss)
#   Set larger code cache with -XX:ReservedCodeCacheSize=
#   JVM is running with Unscaled Compressed Oops mode in which the Java heap is
#     placed in the first 4GB address space. The Java Heap base address is the
#     maximum limit for the native heap growth. Please use -XX:HeapBaseMinAddress
#     to set the Java Heap base and to place the Java Heap above 4GB virtual address.
# This output file may be truncated or incomplete.
#
#  Out of Memory Error (./src/hotspot/share/memory/arena.cpp:197), pid=8136, tid=7588
#
# JRE version: OpenJDK Runtime Environment Corretto-11.0.8.10.1 (11.0.8+10) (build 11.0.8+10-LTS)
# Java VM: OpenJDK 64-Bit Server VM Corretto-11.0.8.10.1 (11.0.8+10-LTS, mixed mode, tiered, compressed oops, g1 gc, windows-amd64)
# No core dump will be written. Minidumps are not enabled by default on client versions of Windows
#

---------------  S U M M A R Y ------------

Command Line: --add-opens=java.base/java.util=ALL-UNNAMED --add-opens=java.base/java.lang=ALL-UNNAMED --add-opens=java.base/java.lang.invoke=ALL-UNNAMED --add-opens=java.prefs/java.util.prefs=ALL-UNNAMED -Xmx2048m -Dfile.encoding=windows-1252 -Duser.country=US -Duser.language=en -Duser.variant org.gradle.launcher.daemon.bootstrap.GradleDaemon 6.1.1

Host: Intel(R) Core(TM) i7-7700HQ CPU @ 2.80GHz, 8 cores, 15G,  Windows 10 , 64 bit Build 18362 (10.0.18362.1110)
Time: Sun Nov  1 19:47:55 2020 Turkey Standard Time elapsed time: 16262 seconds (0d 4h 31m 2s)

---------------  T H R E A D  ---------------

Current thread (0x000001a157a89800):  JavaThread "C2 CompilerThread0" daemon [_thread_in_native, id=7588, stack(0x0000002be0700000,0x0000002be0800000)]


Current CompileTask:
C2:16262890 26333       4       java.util.zip.ZipFile$Source::initCEN (658 bytes)

Stack: [0x0000002be0700000,0x0000002be0800000]
Native frames: (J=compiled Java code, j=interpreted, Vv=VM code, C=native code)
V  [jvm.dll+0x5dfc8a]
V  [jvm.dll+0x7179be]
V  [jvm.dll+0x71908f]
V  [jvm.dll+0x719753]
V  [jvm.dll+0x240e48]
V  [jvm.dll+0xb96ac]
V  [jvm.dll+0xb9dac]
V  [jvm.dll+0x2b0804]
V  [jvm.dll+0x5000c6]
V  [jvm.dll+0x202a5d]
V  [jvm.dll+0x1fca3a]
V  [jvm.dll+0x1f99bf]
V  [jvm.dll+0x17e4ec]
V  [jvm.dll+0x208f27]
V  [jvm.dll+0x20710b]
V  [jvm.dll+0x6dc729]
V  [jvm.dll+0x6d57d4]
V  [jvm.dll+0x5debc6]
C  [ucrtbase.dll+0x210b2]
C  [KERNEL32.DLL+0x17c24]
C  [ntdll.dll+0x6cea1]


---------------  P R O C E S S  ---------------

Threads class SMR info:
_java_thread_list=0x000001a161659a40, length=86, elements={
0x000001a1382cd000, 0x000001a157a34000, 0x000001a157a35000, 0x000001a157a86800,
0x000001a157a87800, 0x000001a157a89800, 0x000001a157a8e000, 0x000001a157a91000,
0x000001a157c02000, 0x000001a157c2e000, 0x000001a157cee000, 0x000001a158fc8000,
0x000001a158e92800, 0x000001a1594ab800, 0x000001a1594ac800, 0x000001a1594ab000,
0x000001a1594af800, 0x000001a15a3c5800, 0x000001a15a3c4000, 0x000001a15da6b000,
0x000001a1594a9000, 0x000001a15a3be800, 0x000001a15a3bf000, 0x000001a15a3c0000,
0x000001a15a3c1000, 0x000001a15a3bb000, 0x000001a15a3c1800, 0x000001a15a3bc000,
0x000001a15a3c6800, 0x000001a15a3c7800, 0x000001a15a3c2800, 0x000001a15a3c8000,
0x000001a15a3c9000, 0x000001a15a3c3000, 0x000001a15a3ca000, 0x000001a15da63000,
0x000001a15da64800, 0x000001a15da5f000, 0x000001a15da60800, 0x000001a15da63800,
0x000001a159327000, 0x000001a15da65800, 0x000001a15da5f800, 0x000001a15da66000,
0x000001a15da67000, 0x000001a15da61000, 0x000001a15da6d800, 0x000001a15da69800,
0x000001a15da6c000, 0x000001a15da67800, 0x000001a15da68800, 0x000001a1594ad800,
0x000001a1594ae000, 0x000001a1594af000, 0x000001a15da6a000, 0x000001a16401f000,
0x000001a16401e000, 0x000001a16401f800, 0x000001a16401a000, 0x000001a164025800,
0x000001a164026000, 0x000001a164024000, 0x000001a164020800, 0x000001a164021800,
0x000001a164022000, 0x000001a164023000, 0x000001a164024800, 0x000001a15e091000,
0x000001a15e094800, 0x000001a15e095000, 0x000001a15e096000, 0x000001a15a7dc800,
0x000001a15e093800, 0x000001a15e092000, 0x000001a15e090800, 0x000001a15e098800,
0x000001a15e097000, 0x000001a15e092800, 0x000001a15e099800, 0x000001a15e09d800,
0x000001a15e09a000, 0x000001a15e09b000, 0x000001a15e09b800, 0x000001a15e09c800,
0x000001a15e097800, 0x000001a15e09e000
}

Java Threads: ( => current thread )
  0x000001a1382cd000 JavaThread "main" [_thread_blocked, id=9696, stack(0x0000002bdfc00000,0x0000002bdfd00000)]
  0x000001a157a34000 JavaThread "Reference Handler" daemon [_thread_blocked, id=9708, stack(0x0000002be0300000,0x0000002be0400000)]
  0x000001a157a35000 JavaThread "Finalizer" daemon [_thread_blocked, id=12116, stack(0x0000002be0400000,0x0000002be0500000)]
  0x000001a157a86800 JavaThread "Signal Dispatcher" daemon [_thread_blocked, id=9724, stack(0x0000002be0500000,0x0000002be0600000)]
  0x000001a157a87800 JavaThread "Attach Listener" daemon [_thread_blocked, id=9704, stack(0x0000002be0600000,0x0000002be0700000)]
=>0x000001a157a89800 JavaThread "C2 CompilerThread0" daemon [_thread_in_native, id=7588, stack(0x0000002be0700000,0x0000002be0800000)]
  0x000001a157a8e000 JavaThread "C1 CompilerThread0" daemon [_thread_blocked, id=6808, stack(0x0000002be0800000,0x0000002be0900000)]
  0x000001a157a91000 JavaThread "Sweeper thread" daemon [_thread_blocked, id=6880, stack(0x0000002be0900000,0x0000002be0a00000)]
  0x000001a157c02000 JavaThread "Common-Cleaner" daemon [_thread_blocked, id=10336, stack(0x0000002be0a00000,0x0000002be0b00000)]
  0x000001a157c2e000 JavaThread "Service Thread" daemon [_thread_blocked, id=3612, stack(0x0000002be0b00000,0x0000002be0c00000)]
  0x000001a157cee000 JavaThread "Daemon health stats" [_thread_blocked, id=10488, stack(0x0000002be0d00000,0x0000002be0e00000)]
  0x000001a158fc8000 JavaThread "Incoming local TCP Connector on port 50436" [_thread_in_native, id=3768, stack(0x0000002be1300000,0x0000002be1400000)]
  0x000001a158e92800 JavaThread "Daemon periodic checks" [_thread_blocked, id=9780, stack(0x0000002be1400000,0x0000002be1500000)]
  0x000001a1594ab800 JavaThread "Cache worker for journal cache (C:\Users\Administrator\.gradle\caches\journal-1)" [_thread_blocked, id=11520, stack(0x0000002be1c00000,0x0000002be1d00000)]
  0x000001a1594ac800 JavaThread "File lock request listener" [_thread_in_native, id=4412, stack(0x0000002be1d00000,0x0000002be1e00000)]
  0x000001a1594ab000 JavaThread "Cache worker for file hash cache (C:\Users\Administrator\.gradle\caches\6.1.1\fileHashes)" [_thread_blocked, id=4020, stack(0x0000002be1e00000,0x0000002be1f00000)]
  0x000001a1594af800 JavaThread "Cache worker for execution history cache (C:\Users\Administrator\.gradle\caches\6.1.1\executionHistory)" [_thread_blocked, id=240, stack(0x0000002be2600000,0x0000002be2700000)]
  0x000001a15a3c5800 JavaThread "Memory manager" [_thread_blocked, id=2076, stack(0x0000002be3300000,0x0000002be3400000)]
  0x000001a15a3c4000 JavaThread "Cache worker for file content cache (C:\Users\Administrator\.gradle\caches\6.1.1\fileContent)" [_thread_blocked, id=1464, stack(0x0000002be3400000,0x0000002be3500000)]
  0x000001a15da6b000 JavaThread "Cache worker for Java compile cache (C:\Users\Administrator\.gradle\caches\6.1.1\javaCompile)" [_thread_blocked, id=10372, stack(0x0000002be4900000,0x0000002be4a00000)]
  0x000001a1594a9000 JavaThread "ForkJoinPool.commonPool-worker-5" daemon [_thread_blocked, id=11992, stack(0x0000002be4d00000,0x0000002be4e00000)]
  0x000001a15a3be800 JavaThread "Daemon Thread 10" [_thread_blocked, id=13044, stack(0x0000002bdf900000,0x0000002bdfa00000)]
  0x000001a15a3bf000 JavaThread "Handler for socket connection from /127.0.0.1:50436 to /127.0.0.1:51641" [_thread_in_native, id=13036, stack(0x0000002bdfa00000,0x0000002bdfb00000)]
  0x000001a15a3c0000 JavaThread "Cancel handler" [_thread_blocked, id=13064, stack(0x0000002bdfb00000,0x0000002bdfc00000)]
  0x000001a15a3c1000 JavaThread "Daemon worker Thread 10" [_thread_blocked, id=12960, stack(0x0000002be1500000,0x0000002be1600000)]
  0x000001a15a3bb000 JavaThread "Asynchronous log dispatcher for DefaultDaemonConnection: socket connection from /127.0.0.1:50436 to /127.0.0.1:51641" [_thread_blocked, id=13084, stack(0x0000002be1600000,0x0000002be1700000)]
  0x000001a15a3c1800 JavaThread "Stdin handler" [_thread_blocked, id=1476, stack(0x0000002be1700000,0x0000002be1800000)]
  0x000001a15a3bc000 JavaThread "Thread-363" [_thread_blocked, id=13088, stack(0x0000002be1800000,0x0000002be1900000)]
  0x000001a15a3c6800 JavaThread "Cache worker for checksums cache (D:\calismalar\MyApplication\.gradle\checksums)" [_thread_blocked, id=13080, stack(0x0000002be1900000,0x0000002be1a00000)]
  0x000001a15a3c7800 JavaThread "Cache worker for file hash cache (D:\calismalar\MyApplication\.gradle\6.1.1\fileHashes)" [_thread_blocked, id=13092, stack(0x0000002be1a00000,0x0000002be1b00000)]
  0x000001a15a3c2800 JavaThread "Cache worker for cache directory md-supplier (C:\Users\Administrator\.gradle\caches\6.1.1\md-supplier)" [_thread_blocked, id=13100, stack(0x0000002be1b00000,0x0000002be1c00000)]
  0x000001a15a3c8000 JavaThread "Cache worker for cache directory md-rule (C:\Users\Administrator\.gradle\caches\6.1.1\md-rule)" [_thread_blocked, id=4504, stack(0x0000002be2200000,0x0000002be2300000)]
  0x000001a15a3c9000 JavaThread "Build operations" [_thread_blocked, id=12996, stack(0x0000002be2300000,0x0000002be2400000)]
  0x000001a15a3c3000 JavaThread "Build operations Thread 2" [_thread_blocked, id=12876, stack(0x0000002be2400000,0x0000002be2500000)]
  0x000001a15a3ca000 JavaThread "Build operations Thread 3" [_thread_blocked, id=6440, stack(0x0000002be2500000,0x0000002be2600000)]
  0x000001a15da63000 JavaThread "Build operations Thread 4" [_thread_blocked, id=13000, stack(0x0000002be2700000,0x0000002be2800000)]
  0x000001a15da64800 JavaThread "Build operations Thread 5" [_thread_blocked, id=2256, stack(0x0000002be2800000,0x0000002be2900000)]
  0x000001a15da5f000 JavaThread "Build operations Thread 6" [_thread_blocked, id=11936, stack(0x0000002be2900000,0x0000002be2a00000)]
  0x000001a15da60800 JavaThread "Build operations Thread 7" [_thread_blocked, id=13112, stack(0x0000002be2a00000,0x0000002be2b00000)]
  0x000001a15da63800 JavaThread "Build operations Thread 8" [_thread_blocked, id=13232, stack(0x0000002be2b00000,0x0000002be2c00000)]
  0x000001a159327000 JavaThread "C2 CompilerThread1" daemon [_thread_in_native, id=12688, stack(0x0000002be2c00000,0x0000002be2d00000)]
  0x000001a15da65800 JavaThread "Cache worker for Build Output Cleanup Cache (D:\calismalar\MyApplication\.gradle\buildOutputCleanup)" [_thread_blocked, id=12692, stack(0x0000002be2e00000,0x0000002be2f00000)]
  0x000001a15da5f800 JavaThread "Cache worker for file content cache (D:\calismalar\MyApplication\.gradle\6.1.1\fileContent)" [_thread_blocked, id=11988, stack(0x0000002be2f00000,0x0000002be3000000)]
  0x000001a15da66000 JavaThread "Execution worker for ':'" [_thread_blocked, id=1328, stack(0x0000002be3000000,0x0000002be3100000)]
  0x000001a15da67000 JavaThread "Execution worker for ':' Thread 2" [_thread_blocked, id=2084, stack(0x0000002be3200000,0x0000002be3300000)]
  0x000001a15da61000 JavaThread "Execution worker for ':' Thread 3" [_thread_blocked, id=8284, stack(0x0000002be3500000,0x0000002be3600000)]
  0x000001a15da6d800 JavaThread "Execution worker for ':' Thread 4" [_thread_blocked, id=13304, stack(0x0000002be3600000,0x0000002be3700000)]
  0x000001a15da69800 JavaThread "Execution worker for ':' Thread 5" [_thread_blocked, id=3340, stack(0x0000002be3700000,0x0000002be3800000)]
  0x000001a15da6c000 JavaThread "Execution worker for ':' Thread 6" [_thread_blocked, id=6496, stack(0x0000002be3800000,0x0000002be3900000)]
  0x000001a15da67800 JavaThread "Execution worker for ':' Thread 7" [_thread_blocked, id=7340, stack(0x0000002be3900000,0x0000002be3a00000)]
  0x000001a15da68800 JavaThread "Cache worker for execution history cache (D:\calismalar\MyApplication\.gradle\6.1.1\executionHistory)" [_thread_blocked, id=12616, stack(0x0000002be3a00000,0x0000002be3b00000)]
  0x000001a1594ad800 JavaThread "pool-32-thread-1" [_thread_blocked, id=12604, stack(0x0000002be3d00000,0x0000002be3e00000)]
  0x000001a1594ae000 JavaThread "stderr" [_thread_in_native, id=12836, stack(0x0000002be3c00000,0x0000002be3d00000)]
  0x000001a1594af000 JavaThread "stdout" [_thread_in_native, id=12196, stack(0x0000002be3e00000,0x0000002be3f00000)]
  0x000001a15da6a000 JavaThread "WorkerExecutor Queue" [_thread_blocked, id=6072, stack(0x0000002be3b00000,0x0000002be3c00000)]
  0x000001a16401f000 JavaThread "Java2D Disposer" daemon [_thread_blocked, id=12436, stack(0x0000002be4600000,0x0000002be4700000)]
  0x000001a16401e000 JavaThread "stderr" [_thread_in_native, id=12056, stack(0x0000002be4800000,0x0000002be4900000)]
  0x000001a16401f800 JavaThread "stdout" [_thread_in_native, id=12408, stack(0x0000002be4a00000,0x0000002be4b00000)]
  0x000001a16401a000 JavaThread "stderr" [_thread_in_native, id=544, stack(0x0000002be4b00000,0x0000002be4c00000)]
  0x000001a164025800 JavaThread "stdout" [_thread_in_native, id=6872, stack(0x0000002be4c00000,0x0000002be4d00000)]
  0x000001a164026000 JavaThread "stderr" [_thread_in_native, id=3508, stack(0x0000002be4e00000,0x0000002be4f00000)]
  0x000001a164024000 JavaThread "stdout" [_thread_in_native, id=9496, stack(0x0000002be5000000,0x0000002be5100000)]
  0x000001a164020800 JavaThread "stderr" [_thread_in_native, id=6472, stack(0x0000002be5100000,0x0000002be5200000)]
  0x000001a164021800 JavaThread "stdout" [_thread_in_native, id=9736, stack(0x0000002be5200000,0x0000002be5300000)]
  0x000001a164022000 JavaThread "stderr" [_thread_in_native, id=12264, stack(0x0000002be5300000,0x0000002be5400000)]
  0x000001a164023000 JavaThread "stdout" [_thread_in_native, id=12128, stack(0x0000002be5400000,0x0000002be5500000)]
  0x000001a164024800 JavaThread "stderr" [_thread_in_native, id=6928, stack(0x0000002be5500000,0x0000002be5600000)]
  0x000001a15e091000 JavaThread "stdout" [_thread_in_native, id=3096, stack(0x0000002be5600000,0x0000002be5700000)]
  0x000001a15e094800 JavaThread "stderr" [_thread_in_native, id=972, stack(0x0000002be5700000,0x0000002be5800000)]
  0x000001a15e095000 JavaThread "stdout" [_thread_in_native, id=2512, stack(0x0000002be5a00000,0x0000002be5b00000)]
  0x000001a15e096000 JavaThread "WorkerExecutor Queue Thread 9" [_thread_blocked, id=5540, stack(0x0000002be5b00000,0x0000002be5c00000)]
  0x000001a15a7dc800 JavaThread "C2 CompilerThread2" daemon [_thread_in_native, id=784, stack(0x0000002be2d00000,0x0000002be2e00000)]
  0x000001a15e093800 JavaThread "Cache worker for Java compile cache (D:\calismalar\MyApplication\.gradle\6.1.1\javaCompile)" [_thread_blocked, id=12248, stack(0x0000002be5c00000,0x0000002be5d00000)]
  0x000001a15e092000 JavaThread "WorkerExecutor Queue Thread 10" [_thread_blocked, id=2456, stack(0x0000002be3f00000,0x0000002be4000000)]
  0x000001a15e090800 JavaThread "WorkerExecutor Queue Thread 11" [_thread_blocked, id=12368, stack(0x0000002be4000000,0x0000002be4100000)]
  0x000001a15e098800 JavaThread "WorkerExecutor Queue Thread 12" [_thread_blocked, id=12988, stack(0x0000002be4100000,0x0000002be4200000)]
  0x000001a15e097000 JavaThread "WorkerExecutor Queue Thread 13" [_thread_blocked, id=12928, stack(0x0000002be4200000,0x0000002be4300000)]
  0x000001a15e092800 JavaThread "WorkerExecutor Queue Thread 14" [_thread_blocked, id=10812, stack(0x0000002be4300000,0x0000002be4400000)]
  0x000001a15e099800 JavaThread "WorkerExecutor Queue Thread 15" [_thread_blocked, id=13096, stack(0x0000002be4400000,0x0000002be4500000)]
  0x000001a15e09d800 JavaThread "WorkerExecutor Queue Thread 16" [_thread_blocked, id=3940, stack(0x0000002be4700000,0x0000002be4800000)]
  0x000001a15e09a000 JavaThread "ForkJoinPool.commonPool-worker-13" daemon [_thread_blocked, id=1272, stack(0x0000002be5d00000,0x0000002be5e00000)]
  0x000001a15e09b000 JavaThread "ForkJoinPool.commonPool-worker-15" daemon [_thread_blocked, id=12108, stack(0x0000002be5e00000,0x0000002be5f00000)]
  0x000001a15e09b800 JavaThread "ForkJoinPool.commonPool-worker-1" daemon [_thread_blocked, id=3560, stack(0x0000002be5f00000,0x0000002be6000000)]
  0x000001a15e09c800 JavaThread "ForkJoinPool.commonPool-worker-3" daemon [_thread_blocked, id=4488, stack(0x0000002be6000000,0x0000002be6100000)]
  0x000001a15e097800 JavaThread "ForkJoinPool.commonPool-worker-7" daemon [_thread_blocked, id=11108, stack(0x0000002be6100000,0x0000002be6200000)]
  0x000001a15e09e000 JavaThread "ForkJoinPool.commonPool-worker-9" daemon [_thread_blocked, id=13280, stack(0x0000002be6200000,0x0000002be6300000)]

Other Threads:
  0x000001a157a21800 VMThread "VM Thread" [stack: 0x0000002be0200000,0x0000002be0300000] [id=8044]
  0x000001a157c2f000 WatcherThread [stack: 0x0000002be0c00000,0x0000002be0d00000] [id=12260]
  0x000001a1382e4800 GCTaskThread "GC Thread#0" [stack: 0x0000002bdfd00000,0x0000002bdfe00000] [id=11980]
  0x000001a158836800 GCTaskThread "GC Thread#1" [stack: 0x0000002be0e00000,0x0000002be0f00000] [id=12060]
  0x000001a15881a000 GCTaskThread "GC Thread#2" [stack: 0x0000002be0f00000,0x0000002be1000000] [id=1812]
  0x000001a15881a800 GCTaskThread "GC Thread#3" [stack: 0x0000002be1000000,0x0000002be1100000] [id=8028]
  0x000001a15881b000 GCTaskThread "GC Thread#4" [stack: 0x0000002be1100000,0x0000002be1200000] [id=6016]
  0x000001a15882c800 GCTaskThread "GC Thread#5" [stack: 0x0000002be1200000,0x0000002be1300000] [id=6484]
  0x000001a15918b000 GCTaskThread "GC Thread#6" [stack: 0x0000002be1f00000,0x0000002be2000000] [id=5020]
  0x000001a159a70800 GCTaskThread "GC Thread#7" [stack: 0x0000002be2000000,0x0000002be2100000] [id=4332]
  0x000001a138315800 ConcurrentGCThread "G1 Main Marker" [stack: 0x0000002bdfe00000,0x0000002bdff00000] [id=4976]
  0x000001a138319000 ConcurrentGCThread "G1 Conc#0" [stack: 0x0000002bdff00000,0x0000002be0000000] [id=2236]
  0x000001a157af8000 ConcurrentGCThread "G1 Conc#1" [stack: 0x0000002be2100000,0x0000002be2200000] [id=3308]
  0x000001a13839e000 ConcurrentGCThread "G1 Refine#0" [stack: 0x0000002be0000000,0x0000002be0100000] [id=3776]
  0x000001a15c203000 ConcurrentGCThread "G1 Refine#1" [stack: 0x0000002be3100000,0x0000002be3200000] [id=11244]
  0x000001a15e4b1800 ConcurrentGCThread "G1 Refine#2" [stack: 0x0000002be4f00000,0x0000002be5000000] [id=6732]
  0x000001a161d3a800 ConcurrentGCThread "G1 Refine#3" [stack: 0x0000002be5800000,0x0000002be5900000] [id=4576]
  0x000001a16050e000 ConcurrentGCThread "G1 Refine#4" [stack: 0x0000002be5900000,0x0000002be5a00000] [id=5796]
  0x000001a15706e800 ConcurrentGCThread "G1 Young RemSet Sampling" [stack: 0x0000002be0100000,0x0000002be0200000] [id=4068]

Threads with active compile tasks:
C2 CompilerThread016262919 26333       4       java.util.zip.ZipFile$Source::initCEN (658 bytes)
C1 CompilerThread016262920 26396       3       com.android.tools.r8.ir.conversion.o::a (1157 bytes)
C2 CompilerThread116262920 26304       4       jdk.internal.loader.BuiltinClassLoader::loadClass (22 bytes)
C2 CompilerThread216262920 26323       4       java.lang.invoke.MemberName::getMethodOrFieldType (72 bytes)

VM state:at safepoint (normal execution)

VM Mutex/Monitor currently owned by a thread:  ([mutex/lock_event])
[0x000001a1382c8110] Threads_lock - owner thread: 0x000001a157a21800
[0x000001a1382c8230] Heap_lock - owner thread: 0x000001a15da6d800

OutOfMemory and StackOverflow Exception counts:
OutOfMemoryError java_heap_errors=1
LinkageErrors=329

Heap address: 0x0000000080000000, size: 2048 MB, Compressed Oops mode: 32-bit
Narrow klass base: 0x0000000000000000, Narrow klass shift: 3
Compressed class space size: 1073741824 Address: 0x0000000100000000

Heap:
 garbage-first heap   total 262144K, used 116562K [0x0000000080000000, 0x0000000100000000)
  region size 1024K, 3 young (3072K), 1 survivors (1024K)
 Metaspace       used 130417K, capacity 133726K, committed 134480K, reserved 1167360K
  class space    used 15758K, capacity 16883K, committed 17152K, reserved 1048576K
Heap Regions: E=young(eden), S=young(survivor), O=old, HS=humongous(starts), HC=humongous(continues), CS=collection set, F=free, A=archive, TAMS=top-at-mark-start (previous, next)
|   0|0x0000000080000000, 0x0000000080100000, 0x0000000080100000|100%| O|  |TAMS 0x0000000080100000, 0x0000000080000000| Untracked 
|   1|0x0000000080100000, 0x0000000080200000, 0x0000000080200000|100%| O|  |TAMS 0x0000000080200000, 0x0000000080100000| Untracked 
|   2|0x0000000080200000, 0x0000000080300000, 0x0000000080300000|100%| O|  |TAMS 0x0000000080300000, 0x0000000080200000| Complete 
|   3|0x0000000080300000, 0x0000000080400000, 0x0000000080400000|100%|HS|  |TAMS 0x0000000080400000, 0x0000000080300000| Complete 
|   4|0x0000000080400000, 0x0000000080500000, 0x0000000080500000|100%|HC|  |TAMS 0x0000000080500000, 0x0000000080400000| Complete 
|   5|0x0000000080500000, 0x0000000080600000, 0x0000000080600000|100%|HC|  |TAMS 0x0000000080600000, 0x0000000080500000| Complete 
|   6|0x0000000080600000, 0x0000000080700000, 0x0000000080700000|100%| O|  |TAMS 0x0000000080700000, 0x0000000080600000| Untracked 
|   7|0x0000000080700000, 0x0000000080800000, 0x0000000080800000|100%| O|  |TAMS 0x0000000080800000, 0x0000000080700000| Untracked 
|   8|0x0000000080800000, 0x0000000080900000, 0x0000000080900000|100%| O|  |TAMS 0x0000000080900000, 0x0000000080800000| Untracked 
|   9|0x0000000080900000, 0x0000000080a00000, 0x0000000080a00000|100%| O|  |TAMS 0x0000000080a00000, 0x0000000080900000| Untracked 
|  10|0x0000000080a00000, 0x0000000080b00000, 0x0000000080b00000|100%| O|  |TAMS 0x0000000080b00000, 0x0000000080a00000| Complete 
|  11|0x0000000080b00000, 0x0000000080c00000, 0x0000000080c00000|100%| O|  |TAMS 0x0000000080c00000, 0x0000000080b00000| Untracked 
|  12|0x0000000080c00000, 0x0000000080d00000, 0x0000000080d00000|100%| O|  |TAMS 0x0000000080d00000, 0x0000000080c00000| Untracked 
|  13|0x0000000080d00000, 0x0000000080e00000, 0x0000000080e00000|100%| O|  |TAMS 0x0000000080e00000, 0x0000000080d00000| Complete 
|  14|0x0000000080e00000, 0x0000000080f00000, 0x0000000080f00000|100%| O|  |TAMS 0x0000000080f00000, 0x0000000080e00000| Complete 
|  15|0x0000000080f00000, 0x0000000081000000, 0x0000000081000000|100%| O|  |TAMS 0x0000000081000000, 0x0000000080f00000| Untracked 
|  16|0x0000000081000000, 0x0000000081100000, 0x0000000081100000|100%|HS|  |TAMS 0x0000000081100000, 0x0000000081000000| Complete 
|  17|0x0000000081100000, 0x0000000081200000, 0x0000000081200000|100%|HC|  |TAMS 0x0000000081200000, 0x0000000081100000| Complete 
|  18|0x0000000081200000, 0x0000000081300000, 0x0000000081300000|100%|HS|  |TAMS 0x0000000081300000, 0x0000000081200000| Complete 
|  19|0x0000000081300000, 0x0000000081400000, 0x0000000081400000|100%|HC|  |TAMS 0x0000000081400000, 0x0000000081300000| Complete 
|  20|0x0000000081400000, 0x0000000081500000, 0x0000000081500000|100%|HC|  |TAMS 0x0000000081500000, 0x0000000081400000| Complete 
|  21|0x0000000081500000, 0x0000000081600000, 0x0000000081600000|100%|HS|  |TAMS 0x0000000081600000, 0x0000000081500000| Complete 
|  22|0x0000000081600000, 0x0000000081700000, 0x0000000081700000|100%|HC|  |TAMS 0x0000000081700000, 0x0000000081600000| Complete 
|  23|0x0000000081700000, 0x0000000081800000, 0x0000000081800000|100%|HC|  |TAMS 0x0000000081800000, 0x0000000081700000| Complete 
|  24|0x0000000081800000, 0x0000000081900000, 0x0000000081900000|100%|HC|  |TAMS 0x0000000081900000, 0x0000000081800000| Complete 
|  25|0x0000000081900000, 0x0000000081a00000, 0x0000000081a00000|100%|HS|  |TAMS 0x0000000081a00000, 0x0000000081900000| Complete 
|  26|0x0000000081a00000, 0x0000000081b00000, 0x0000000081b00000|100%|HC|  |TAMS 0x0000000081b00000, 0x0000000081a00000| Complete 
|  27|0x0000000081b00000, 0x0000000081c00000, 0x0000000081c00000|100%|HC|  |TAMS 0x0000000081c00000, 0x0000000081b00000| Complete 
|  28|0x0000000081c00000, 0x0000000081d00000, 0x0000000081d00000|100%|HS|  |TAMS 0x0000000081d00000, 0x0000000081c00000| Complete 
|  29|0x0000000081d00000, 0x0000000081e00000, 0x0000000081e00000|100%|HC|  |TAMS 0x0000000081e00000, 0x0000000081d00000| Complete 
|  30|0x0000000081e00000, 0x0000000081f00000, 0x0000000081f00000|100%| O|  |TAMS 0x0000000081f00000, 0x0000000081e00000| Complete 
|  31|0x0000000081f00000, 0x0000000082000000, 0x0000000082000000|100%| O|  |TAMS 0x0000000082000000, 0x0000000081f00000| Untracked 
|  32|0x0000000082000000, 0x0000000082100000, 0x0000000082100000|100%| O|  |TAMS 0x0000000082100000, 0x0000000082000000| Complete 
|  33|0x0000000082100000, 0x0000000082200000, 0x0000000082200000|100%| O|  |TAMS 0x0000000082200000, 0x0000000082100000| Complete 
|  34|0x0000000082200000, 0x0000000082300000, 0x0000000082300000|100%| O|  |TAMS 0x0000000082300000, 0x0000000082200000| Complete 
|  35|0x0000000082300000, 0x0000000082400000, 0x0000000082400000|100%| O|  |TAMS 0x0000000082400000, 0x0000000082300000| Complete 
|  36|0x0000000082400000, 0x0000000082500000, 0x0000000082500000|100%| O|  |TAMS 0x0000000082500000, 0x0000000082400000| Complete 
|  37|0x0000000082500000, 0x0000000082600000, 0x0000000082600000|100%| O|  |TAMS 0x0000000082600000, 0x0000000082500000| Complete 
|  38|0x0000000082600000, 0x0000000082700000, 0x0000000082700000|100%| O|  |TAMS 0x0000000082700000, 0x0000000082600000| Untracked 
|  39|0x0000000082700000, 0x0000000082800000, 0x0000000082800000|100%| O|  |TAMS 0x0000000082800000, 0x0000000082700000| Complete 
|  40|0x0000000082800000, 0x0000000082900000, 0x0000000082900000|100%| O|  |TAMS 0x0000000082900000, 0x0000000082800000| Untracked 
|  41|0x0000000082900000, 0x0000000082a00000, 0x0000000082a00000|100%| O|  |TAMS 0x0000000082a00000, 0x0000000082900000| Untracked 
|  42|0x0000000082a00000, 0x0000000082b00000, 0x0000000082b00000|100%| O|  |TAMS 0x0000000082b00000, 0x0000000082a00000| Complete 
|  43|0x0000000082b00000, 0x0000000082c00000, 0x0000000082c00000|100%| O|  |TAMS 0x0000000082c00000, 0x0000000082b00000| Complete 
|  44|0x0000000082c00000, 0x0000000082d00000, 0x0000000082d00000|100%| O|CS|TAMS 0x0000000082d00000, 0x0000000082c00000| Complete 
|  45|0x0000000082d00000, 0x0000000082e00000, 0x0000000082e00000|100%| O|CS|TAMS 0x0000000082e00000, 0x0000000082d00000| Complete 
|  46|0x0000000082e00000, 0x0000000082f00000, 0x0000000082f00000|100%| O|  |TAMS 0x0000000082f00000, 0x0000000082e00000| Complete 
|  47|0x0000000082f00000, 0x0000000083000000, 0x0000000083000000|100%| O|  |TAMS 0x0000000083000000, 0x0000000082f00000| Complete 
|  48|0x0000000083000000, 0x0000000083100000, 0x0000000083100000|100%| O|  |TAMS 0x0000000083100000, 0x0000000083000000| Untracked 
|  49|0x0000000083100000, 0x0000000083200000, 0x0000000083200000|100%| O|  |TAMS 0x0000000083200000, 0x0000000083100000| Complete 
|  50|0x0000000083200000, 0x0000000083300000, 0x0000000083300000|100%| O|  |TAMS 0x0000000083300000, 0x0000000083200000| Untracked 
|  51|0x0000000083300000, 0x0000000083400000, 0x0000000083400000|100%| O|  |TAMS 0x0000000083400000, 0x0000000083300000| Complete 
|  52|0x0000000083400000, 0x0000000083500000, 0x0000000083500000|100%| O|  |TAMS 0x0000000083500000, 0x0000000083400000| Untracked 
|  53|0x0000000083500000, 0x0000000083600000, 0x0000000083600000|100%| O|  |TAMS 0x0000000083600000, 0x0000000083500000| Complete 
|  54|0x0000000083600000, 0x0000000083700000, 0x0000000083700000|100%| O|  |TAMS 0x0000000083700000, 0x0000000083600000| Complete 
|  55|0x0000000083700000, 0x0000000083800000, 0x0000000083800000|100%| O|  |TAMS 0x0000000083800000, 0x0000000083700000| Complete 
|  56|0x0000000083800000, 0x0000000083900000, 0x0000000083900000|100%| O|  |TAMS 0x0000000083900000, 0x0000000083800000| Complete 
|  57|0x0000000083900000, 0x0000000083a00000, 0x0000000083a00000|100%| O|  |TAMS 0x0000000083a00000, 0x0000000083900000| Complete 
|  58|0x0000000083a00000, 0x0000000083b00000, 0x0000000083b00000|100%| O|  |TAMS 0x0000000083b00000, 0x0000000083a00000| Complete 
|  59|0x0000000083b00000, 0x0000000083c00000, 0x0000000083c00000|100%| O|  |TAMS 0x0000000083c00000, 0x0000000083b00000| Complete 
|  60|0x0000000083c00000, 0x0000000083d00000, 0x0000000083d00000|100%| O|  |TAMS 0x0000000083d00000, 0x0000000083c00000| Untracked 
|  61|0x0000000083d00000, 0x0000000083e00000, 0x0000000083e00000|100%| O|  |TAMS 0x0000000083e00000, 0x0000000083d00000| Complete 
|  62|0x0000000083e00000, 0x0000000083f00000, 0x0000000083f00000|100%| O|  |TAMS 0x0000000083f00000, 0x0000000083e00000| Complete 
|  63|0x0000000083f00000, 0x0000000084000000, 0x0000000084000000|100%| O|  |TAMS 0x0000000084000000, 0x0000000083f00000| Untracked 
|  64|0x0000000084000000, 0x0000000084100000, 0x0000000084100000|100%| O|  |TAMS 0x0000000084100000, 0x0000000084000000| Complete 
|  65|0x0000000084100000, 0x0000000084200000, 0x0000000084200000|100%| O|  |TAMS 0x0000000084200000, 0x0000000084100000| Complete 
|  66|0x0000000084200000, 0x0000000084300000, 0x0000000084300000|100%| O|  |TAMS 0x0000000084300000, 0x0000000084200000| Untracked 
|  67|0x0000000084300000, 0x0000000084400000, 0x0000000084400000|100%| O|CS|TAMS 0x0000000084400000, 0x0000000084300000| Complete 
|  68|0x0000000084400000, 0x0000000084500000, 0x0000000084500000|100%| O|  |TAMS 0x0000000084500000, 0x0000000084400000| Untracked 
|  69|0x0000000084500000, 0x0000000084600000, 0x0000000084600000|100%| O|  |TAMS 0x0000000084600000, 0x0000000084500000| Untracked 
|  70|0x0000000084600000, 0x0000000084700000, 0x0000000084700000|100%| O|  |TAMS 0x0000000084600000, 0x0000000084600000| Untracked 
|  71|0x0000000084700000, 0x0000000084800000, 0x0000000084800000|100%| O|  |TAMS 0x0000000084800000, 0x0000000084700000| Untracked 
|  72|0x0000000084800000, 0x0000000084900000, 0x0000000084900000|100%| O|  |TAMS 0x0000000084800000, 0x0000000084800000| Untracked 
|  73|0x0000000084900000, 0x0000000084a00000, 0x0000000084a00000|100%| O|  |TAMS 0x0000000084a00000, 0x0000000084900000| Untracked 
|  74|0x0000000084a00000, 0x0000000084b00000, 0x0000000084b00000|100%| O|  |TAMS 0x0000000084a00000, 0x0000000084a00000| Untracked 
|  75|0x0000000084b00000, 0x0000000084c00000, 0x0000000084c00000|100%| O|  |TAMS 0x0000000084c00000, 0x0000000084b00000| Complete 
|  76|0x0000000084c00000, 0x0000000084d00000, 0x0000000084d00000|100%| O|  |TAMS 0x0000000084d00000, 0x0000000084c00000| Complete 
|  77|0x0000000084d00000, 0x0000000084e00000, 0x0000000084e00000|100%| O|  |TAMS 0x0000000084e00000, 0x0000000084d00000| Untracked 
|  78|0x0000000084e00000, 0x0000000084f00000, 0x0000000084f00000|100%| O|CS|TAMS 0x0000000084f00000, 0x0000000084e00000| Complete 
|  79|0x0000000084f00000, 0x0000000085000000, 0x0000000085000000|100%| O|  |TAMS 0x0000000085000000, 0x0000000084f00000| Complete 
|  80|0x0000000085000000, 0x0000000085100000, 0x0000000085100000|100%| O|CS|TAMS 0x0000000085100000, 0x0000000085000000| Complete 
|  81|0x0000000085100000, 0x0000000085200000, 0x0000000085200000|100%| O|  |TAMS 0x0000000085200000, 0x0000000085100000| Complete 
|  82|0x0000000085200000, 0x0000000085300000, 0x0000000085300000|100%| O|  |TAMS 0x0000000085300000, 0x0000000085200000| Complete 
|  83|0x0000000085300000, 0x0000000085400000, 0x0000000085400000|100%| O|CS|TAMS 0x0000000085400000, 0x0000000085300000| Complete 
|  84|0x0000000085400000, 0x0000000085500000, 0x0000000085500000|100%| O|  |TAMS 0x0000000085400000, 0x0000000085400000| Untracked 
|  85|0x0000000085500000, 0x0000000085600000, 0x0000000085600000|100%| O|  |TAMS 0x0000000085500000, 0x0000000085500000| Untracked 
|  86|0x0000000085600000, 0x0000000085700000, 0x0000000085700000|100%|HS|  |TAMS 0x0000000085700000, 0x0000000085600000| Complete 
|  87|0x0000000085700000, 0x0000000085800000, 0x0000000085800000|100%|HC|  |TAMS 0x0000000085800000, 0x0000000085700000| Complete 
|  88|0x0000000085800000, 0x0000000085900000, 0x0000000085900000|100%| O|CS|TAMS 0x0000000085900000, 0x0000000085800000| Complete 
|  89|0x0000000085900000, 0x0000000085a00000, 0x0000000085a00000|100%| O|CS|TAMS 0x0000000085a00000, 0x0000000085900000| Complete 
|  90|0x0000000085a00000, 0x0000000085b00000, 0x0000000085b00000|100%| O|  |TAMS 0x0000000085b00000, 0x0000000085a00000| Untracked 
|  91|0x0000000085b00000, 0x0000000085c00000, 0x0000000085c00000|100%| O|  |TAMS 0x0000000085c00000, 0x0000000085b00000| Complete 
|  92|0x0000000085c00000, 0x0000000085d00000, 0x0000000085d00000|100%| O|CS|TAMS 0x0000000085d00000, 0x0000000085c00000| Complete 
|  93|0x0000000085d00000, 0x0000000085e00000, 0x0000000085e00000|100%| O|  |TAMS 0x0000000085d00000, 0x0000000085d00000| Untracked 
|  94|0x0000000085e00000, 0x0000000085f00000, 0x0000000085f00000|100%| O|  |TAMS 0x0000000085f00000, 0x0000000085e00000| Complete 
|  95|0x0000000085f00000, 0x0000000086000000, 0x0000000086000000|100%| O|  |TAMS 0x0000000086000000, 0x0000000085f00000| Untracked 
|  96|0x0000000086000000, 0x0000000086100000, 0x0000000086100000|100%| O|  |TAMS 0x0000000086090c00, 0x0000000086000000| Untracked 
|  97|0x0000000086100000, 0x0000000086200000, 0x0000000086200000|100%| O|  |TAMS 0x0000000086100000, 0x0000000086100000| Untracked 
|  98|0x0000000086200000, 0x0000000086300000, 0x0000000086300000|100%| O|  |TAMS 0x0000000086200000, 0x0000000086200000| Untracked 
|  99|0x0000000086300000, 0x0000000086400000, 0x0000000086400000|100%| O|  |TAMS 0x0000000086400000, 0x0000000086300000| Complete 
| 100|0x0000000086400000, 0x0000000086500000, 0x0000000086500000|100%| O|  |TAMS 0x0000000086400000, 0x0000000086400000| Untracked 
| 101|0x0000000086500000, 0x0000000086600000, 0x0000000086600000|100%|HS|  |TAMS 0x0000000086600000, 0x0000000086500000| Complete 
| 102|0x0000000086600000, 0x0000000086700000, 0x0000000086700000|100%|HC|  |TAMS 0x0000000086700000, 0x0000000086600000| Complete 
| 103|0x0000000086700000, 0x0000000086800000, 0x0000000086800000|100%|HC|  |TAMS 0x0000000086800000, 0x0000000086700000| Complete 
| 104|0x0000000086800000, 0x0000000086900000, 0x0000000086900000|100%|HC|  |TAMS 0x0000000086900000, 0x0000000086800000| Complete 
| 105|0x0000000086900000, 0x0000000086a00000, 0x0000000086a00000|100%| O|  |TAMS 0x0000000086900000, 0x0000000086900000| Untracked 
| 106|0x0000000086a00000, 0x0000000086b00000, 0x0000000086b00000|100%| O|  |TAMS 0x0000000086b00000, 0x0000000086a00000| Untracked 
| 107|0x0000000086b00000, 0x0000000086c00000, 0x0000000086c00000|100%| O|  |TAMS 0x0000000086b00000, 0x0000000086b00000| Untracked 
| 108|0x0000000086c00000, 0x0000000086d00000, 0x0000000086d00000|100%| O|  |TAMS 0x0000000086d00000, 0x0000000086c00000| Untracked 
| 109|0x0000000086d00000, 0x0000000086e00000, 0x0000000086e00000|100%| O|  |TAMS 0x0000000086d00000, 0x0000000086d00000| Untracked 
| 110|0x0000000086e00000, 0x0000000086f00000, 0x0000000086f00000|100%| O|  |TAMS 0x0000000086e00000, 0x0000000086e00000| Untracked 
| 111|0x0000000086f00000, 0x0000000087000000, 0x0000000087000000|100%| O|  |TAMS 0x0000000086f00000, 0x0000000086f00000| Untracked 
| 112|0x0000000087000000, 0x0000000087035e00, 0x0000000087100000| 21%| O|  |TAMS 0x0000000087000000, 0x0000000087000000| Untracked 
| 113|0x0000000087100000, 0x0000000087200000, 0x0000000087200000|100%| O|  |TAMS 0x0000000087200000, 0x0000000087100000| Untracked 
| 114|0x0000000087200000, 0x0000000087300000, 0x0000000087300000|100%| O|  |TAMS 0x0000000087300000, 0x0000000087200000| Untracked 
| 115|0x0000000087300000, 0x0000000087300000, 0x0000000087400000|  0%| F|  |TAMS 0x0000000087300000, 0x0000000087300000| Untracked 
| 116|0x0000000087400000, 0x0000000087400000, 0x0000000087500000|  0%| F|  |TAMS 0x0000000087400000, 0x0000000087400000| Untracked 
| 117|0x0000000087500000, 0x0000000087500000, 0x0000000087600000|  0%| F|  |TAMS 0x0000000087500000, 0x0000000087500000| Untracked 
| 118|0x0000000087600000, 0x0000000087600000, 0x0000000087700000|  0%| F|  |TAMS 0x0000000087600000, 0x0000000087600000| Untracked 
| 119|0x0000000087700000, 0x0000000087700000, 0x0000000087800000|  0%| F|  |TAMS 0x0000000087700000, 0x0000000087700000| Untracked 
| 120|0x0000000087800000, 0x0000000087800000, 0x0000000087900000|  0%| F|  |TAMS 0x0000000087800000, 0x0000000087800000| Untracked 
| 121|0x0000000087900000, 0x0000000087900000, 0x0000000087a00000|  0%| F|  |TAMS 0x0000000087900000, 0x0000000087900000| Untracked 
| 122|0x0000000087a00000, 0x0000000087a00000, 0x0000000087b00000|  0%| F|  |TAMS 0x0000000087a00000, 0x0000000087a00000| Untracked 
| 123|0x0000000087b00000, 0x0000000087c00000, 0x0000000087c00000|100%| O|  |TAMS 0x0000000087c00000, 0x0000000087b00000| Untracked 
| 124|0x0000000087c00000, 0x0000000087c00000, 0x0000000087d00000|  0%| F|  |TAMS 0x0000000087c00000, 0x0000000087c00000| Untracked 
| 125|0x0000000087d00000, 0x0000000087d00000, 0x0000000087e00000|  0%| F|  |TAMS 0x0000000087d00000, 0x0000000087d00000| Untracked 
| 126|0x0000000087e00000, 0x0000000087e00000, 0x0000000087f00000|  0%| F|  |TAMS 0x0000000087e00000, 0x0000000087e00000| Untracked 
| 127|0x0000000087f00000, 0x0000000087f00000, 0x0000000088000000|  0%| F|  |TAMS 0x0000000087f00000, 0x0000000087f00000| Untracked 
| 128|0x0000000088000000, 0x0000000088000000, 0x0000000088100000|  0%| F|  |TAMS 0x0000000088000000, 0x0000000088000000| Untracked 
| 129|0x0000000088100000, 0x0000000088100000, 0x0000000088200000|  0%| F|  |TAMS 0x0000000088100000, 0x0000000088100000| Untracked 
| 130|0x0000000088200000, 0x0000000088200000, 0x0000000088300000|  0%| F|  |TAMS 0x0000000088200000, 0x0000000088200000| Untracked 
| 131|0x0000000088300000, 0x0000000088300000, 0x0000000088400000|  0%| F|  |TAMS 0x0000000088300000, 0x0000000088300000| Untracked 
| 132|0x0000000088400000, 0x0000000088400000, 0x0000000088500000|  0%| F|  |TAMS 0x0000000088400000, 0x0000000088400000| Untracked 
| 133|0x0000000088500000, 0x0000000088500000, 0x0000000088600000|  0%| F|  |TAMS 0x0000000088500000, 0x0000000088500000| Untracked 
| 134|0x0000000088600000, 0x0000000088600000, 0x0000000088700000|  0%| F|  |TAMS 0x0000000088600000, 0x0000000088600000| Untracked 
| 135|0x0000000088700000, 0x0000000088700000, 0x0000000088800000|  0%| F|  |TAMS 0x0000000088700000, 0x0000000088700000| Untracked 
| 136|0x0000000088800000, 0x0000000088800000, 0x0000000088900000|  0%| F|  |TAMS 0x0000000088800000, 0x0000000088800000| Untracked 
| 137|0x0000000088900000, 0x0000000088900000, 0x0000000088a00000|  0%| F|  |TAMS 0x0000000088900000, 0x0000000088900000| Untracked 
| 138|0x0000000088a00000, 0x0000000088a00000, 0x0000000088b00000|  0%| F|  |TAMS 0x0000000088a00000, 0x0000000088a00000| Untracked 
| 139|0x0000000088b00000, 0x0000000088b00000, 0x0000000088c00000|  0%| F|  |TAMS 0x0000000088b00000, 0x0000000088b00000| Untracked 
| 140|0x0000000088c00000, 0x0000000088c00000, 0x0000000088d00000|  0%| F|  |TAMS 0x0000000088c00000, 0x0000000088c00000| Untracked 
| 141|0x0000000088d00000, 0x0000000088d00000, 0x0000000088e00000|  0%| F|  |TAMS 0x0000000088d00000, 0x0000000088d00000| Untracked 
| 142|0x0000000088e00000, 0x0000000088e00000, 0x0000000088f00000|  0%| F|  |TAMS 0x0000000088e00000, 0x0000000088e00000| Untracked 
| 143|0x0000000088f00000, 0x0000000088f00000, 0x0000000089000000|  0%| F|  |TAMS 0x0000000088f00000, 0x0000000088f00000| Untracked 
| 144|0x0000000089000000, 0x0000000089000000, 0x0000000089100000|  0%| F|  |TAMS 0x0000000089000000, 0x0000000089000000| Untracked 
| 145|0x0000000089100000, 0x0000000089100000, 0x0000000089200000|  0%| F|  |TAMS 0x0000000089100000, 0x0000000089100000| Untracked 
| 146|0x0000000089200000, 0x0000000089200000, 0x0000000089300000|  0%| F|  |TAMS 0x0000000089200000, 0x0000000089200000| Untracked 
| 147|0x0000000089300000, 0x0000000089300000, 0x0000000089400000|  0%| F|  |TAMS 0x0000000089300000, 0x0000000089300000| Untracked 
| 148|0x0000000089400000, 0x0000000089400000, 0x0000000089500000|  0%| F|  |TAMS 0x0000000089400000, 0x0000000089400000| Untracked 
| 149|0x0000000089500000, 0x0000000089500000, 0x0000000089600000|  0%| F|  |TAMS 0x0000000089500000, 0x0000000089500000| Untracked 
| 150|0x0000000089600000, 0x0000000089600000, 0x0000000089700000|  0%| F|  |TAMS 0x0000000089600000, 0x0000000089600000| Untracked 
| 151|0x0000000089700000, 0x0000000089700000, 0x0000000089800000|  0%| F|  |TAMS 0x0000000089700000, 0x0000000089700000| Untracked 
| 152|0x0000000089800000, 0x0000000089800000, 0x0000000089900000|  0%| F|  |TAMS 0x0000000089800000, 0x0000000089800000| Untracked 
| 153|0x0000000089900000, 0x0000000089900000, 0x0000000089a00000|  0%| F|  |TAMS 0x0000000089900000, 0x0000000089900000| Untracked 
| 154|0x0000000089a00000, 0x0000000089a00000, 0x0000000089b00000|  0%| F|  |TAMS 0x0000000089a00000, 0x0000000089a00000| Untracked 
| 155|0x0000000089b00000, 0x0000000089b00000, 0x0000000089c00000|  0%| F|  |TAMS 0x0000000089b00000, 0x0000000089b00000| Untracked 
| 156|0x0000000089c00000, 0x0000000089c00000, 0x0000000089d00000|  0%| F|  |TAMS 0x0000000089c00000, 0x0000000089c00000| Untracked 
| 157|0x0000000089d00000, 0x0000000089d00000, 0x0000000089e00000|  0%| F|  |TAMS 0x0000000089d00000, 0x0000000089d00000| Untracked 
| 158|0x0000000089e00000, 0x0000000089e00000, 0x0000000089f00000|  0%| F|  |TAMS 0x0000000089e00000, 0x0000000089e00000| Untracked 
| 159|0x0000000089f00000, 0x0000000089f00000, 0x000000008a000000|  0%| F|  |TAMS 0x0000000089f00000, 0x0000000089f00000| Untracked 
| 160|0x000000008a000000, 0x000000008a000000, 0x000000008a100000|  0%| F|  |TAMS 0x000000008a000000, 0x000000008a000000| Untracked 
| 161|0x000000008a100000, 0x000000008a100000, 0x000000008a200000|  0%| F|  |TAMS 0x000000008a100000, 0x000000008a100000| Untracked 
| 162|0x000000008a200000, 0x000000008a200000, 0x000000008a300000|  0%| F|  |TAMS 0x000000008a200000, 0x000000008a200000| Untracked 
| 163|0x000000008a300000, 0x000000008a300000, 0x000000008a400000|  0%| F|  |TAMS 0x000000008a300000, 0x000000008a300000| Untracked 
| 164|0x000000008a400000, 0x000000008a400000, 0x000000008a500000|  0%| F|  |TAMS 0x000000008a400000, 0x000000008a400000| Untracked 
| 165|0x000000008a500000, 0x000000008a500000, 0x000000008a600000|  0%| F|  |TAMS 0x000000008a500000, 0x000000008a500000| Untracked 
| 166|0x000000008a600000, 0x000000008a600000, 0x000000008a700000|  0%| F|  |TAMS 0x000000008a600000, 0x000000008a600000| Untracked 
| 167|0x000000008a700000, 0x000000008a700000, 0x000000008a800000|  0%| F|  |TAMS 0x000000008a700000, 0x000000008a700000| Untracked 
| 168|0x000000008a800000, 0x000000008a800000, 0x000000008a900000|  0%| F|  |TAMS 0x000000008a800000, 0x000000008a800000| Untracked 
| 169|0x000000008a900000, 0x000000008a900000, 0x000000008aa00000|  0%| F|  |TAMS 0x000000008a900000, 0x000000008a900000| Untracked 
| 170|0x000000008aa00000, 0x000000008aa00000, 0x000000008ab00000|  0%| F|  |TAMS 0x000000008aa00000, 0x000000008aa00000| Untracked 
| 171|0x000000008ab00000, 0x000000008ab00000, 0x000000008ac00000|  0%| F|  |TAMS 0x000000008ab00000, 0x000000008ab00000| Untracked 
| 172|0x000000008ac00000, 0x000000008ac00000, 0x000000008ad00000|  0%| F|  |TAMS 0x000000008ac00000, 0x000000008ac00000| Untracked 
| 173|0x000000008ad00000, 0x000000008ad00000, 0x000000008ae00000|  0%| F|  |TAMS 0x000000008ad00000, 0x000000008ad00000| Untracked 
| 174|0x000000008ae00000, 0x000000008ae00000, 0x000000008af00000|  0%| F|  |TAMS 0x000000008ae00000, 0x000000008ae00000| Untracked 
| 175|0x000000008af00000, 0x000000008af00000, 0x000000008b000000|  0%| F|  |TAMS 0x000000008af00000, 0x000000008af00000| Untracked 
| 176|0x000000008b000000, 0x000000008b000000, 0x000000008b100000|  0%| F|  |TAMS 0x000000008b000000, 0x000000008b000000| Untracked 
| 177|0x000000008b100000, 0x000000008b100000, 0x000000008b200000|  0%| F|  |TAMS 0x000000008b100000, 0x000000008b100000| Untracked 
| 178|0x000000008b200000, 0x000000008b200000, 0x000000008b300000|  0%| F|  |TAMS 0x000000008b200000, 0x000000008b200000| Untracked 
| 179|0x000000008b300000, 0x000000008b300000, 0x000000008b400000|  0%| F|  |TAMS 0x000000008b300000, 0x000000008b300000| Untracked 
| 180|0x000000008b400000, 0x000000008b400000, 0x000000008b500000|  0%| F|  |TAMS 0x000000008b400000, 0x000000008b400000| Untracked 
| 181|0x000000008b500000, 0x000000008b500000, 0x000000008b600000|  0%| F|  |TAMS 0x000000008b500000, 0x000000008b500000| Untracked 
| 182|0x000000008b600000, 0x000000008b600000, 0x000000008b700000|  0%| F|  |TAMS 0x000000008b600000, 0x000000008b600000| Untracked 
| 183|0x000000008b700000, 0x000000008b700000, 0x000000008b800000|  0%| F|  |TAMS 0x000000008b700000, 0x000000008b700000| Untracked 
| 184|0x000000008b800000, 0x000000008b800000, 0x000000008b900000|  0%| F|  |TAMS 0x000000008b800000, 0x000000008b800000| Untracked 
| 185|0x000000008b900000, 0x000000008b900000, 0x000000008ba00000|  0%| F|  |TAMS 0x000000008b900000, 0x000000008b900000| Untracked 
| 186|0x000000008ba00000, 0x000000008ba00000, 0x000000008bb00000|  0%| F|  |TAMS 0x000000008ba00000, 0x000000008ba00000| Untracked 
| 187|0x000000008bb00000, 0x000000008bb00000, 0x000000008bc00000|  0%| F|  |TAMS 0x000000008bb00000, 0x000000008bb00000| Untracked 
| 188|0x000000008bc00000, 0x000000008bc00000, 0x000000008bd00000|  0%| F|  |TAMS 0x000000008bc00000, 0x000000008bc00000| Untracked 
| 189|0x000000008bd00000, 0x000000008bd00000, 0x000000008be00000|  0%| F|  |TAMS 0x000000008bd00000, 0x000000008bd00000| Untracked 
| 190|0x000000008be00000, 0x000000008be00000, 0x000000008bf00000|  0%| F|  |TAMS 0x000000008be00000, 0x000000008be00000| Untracked 
| 191|0x000000008bf00000, 0x000000008bf00000, 0x000000008c000000|  0%| F|  |TAMS 0x000000008bf00000, 0x000000008bf00000| Untracked 
| 192|0x000000008c000000, 0x000000008c000000, 0x000000008c100000|  0%| F|  |TAMS 0x000000008c000000, 0x000000008c000000| Untracked 
| 193|0x000000008c100000, 0x000000008c100000, 0x000000008c200000|  0%| F|  |TAMS 0x000000008c100000, 0x000000008c100000| Untracked 
| 194|0x000000008c200000, 0x000000008c200000, 0x000000008c300000|  0%| F|  |TAMS 0x000000008c200000, 0x000000008c200000| Untracked 
| 195|0x000000008c300000, 0x000000008c300000, 0x000000008c400000|  0%| F|  |TAMS 0x000000008c300000, 0x000000008c300000| Untracked 
| 196|0x000000008c400000, 0x000000008c400000, 0x000000008c500000|  0%| F|  |TAMS 0x000000008c400000, 0x000000008c400000| Untracked 
| 197|0x000000008c500000, 0x000000008c500000, 0x000000008c600000|  0%| F|  |TAMS 0x000000008c500000, 0x000000008c500000| Untracked 
| 198|0x000000008c600000, 0x000000008c600000, 0x000000008c700000|  0%| F|  |TAMS 0x000000008c600000, 0x000000008c600000| Untracked 
| 199|0x000000008c700000, 0x000000008c700000, 0x000000008c800000|  0%| F|  |TAMS 0x000000008c700000, 0x000000008c700000| Untracked 
| 200|0x000000008c800000, 0x000000008c800000, 0x000000008c900000|  0%| F|  |TAMS 0x000000008c800000, 0x000000008c800000| Untracked 
| 201|0x000000008c900000, 0x000000008c900000, 0x000000008ca00000|  0%| F|  |TAMS 0x000000008c900000, 0x000000008c900000| Untracked 
| 202|0x000000008ca00000, 0x000000008ca00000, 0x000000008cb00000|  0%| F|  |TAMS 0x000000008ca00000, 0x000000008ca00000| Untracked 
| 203|0x000000008cb00000, 0x000000008cb00000, 0x000000008cc00000|  0%| F|  |TAMS 0x000000008cb00000, 0x000000008cb00000| Untracked 
| 204|0x000000008cc00000, 0x000000008cc00000, 0x000000008cd00000|  0%| F|  |TAMS 0x000000008cc00000, 0x000000008cc00000| Untracked 
| 205|0x000000008cd00000, 0x000000008cd00000, 0x000000008ce00000|  0%| F|  |TAMS 0x000000008cd00000, 0x000000008cd00000| Untracked 
| 206|0x000000008ce00000, 0x000000008ce00000, 0x000000008cf00000|  0%| F|  |TAMS 0x000000008ce00000, 0x000000008ce00000| Untracked 
| 207|0x000000008cf00000, 0x000000008cf00000, 0x000000008d000000|  0%| F|  |TAMS 0x000000008cf00000, 0x000000008cf00000| Untracked 
| 208|0x000000008d000000, 0x000000008d000000, 0x000000008d100000|  0%| F|  |TAMS 0x000000008d000000, 0x000000008d000000| Untracked 
| 209|0x000000008d100000, 0x000000008d100000, 0x000000008d200000|  0%| F|  |TAMS 0x000000008d100000, 0x000000008d100000| Untracked 
| 210|0x000000008d200000, 0x000000008d200000, 0x000000008d300000|  0%| F|  |TAMS 0x000000008d200000, 0x000000008d200000| Untracked 
| 211|0x000000008d300000, 0x000000008d300000, 0x000000008d400000|  0%| F|  |TAMS 0x000000008d300000, 0x000000008d300000| Untracked 
| 212|0x000000008d400000, 0x000000008d400000, 0x000000008d500000|  0%| F|  |TAMS 0x000000008d400000, 0x000000008d400000| Untracked 
| 213|0x000000008d500000, 0x000000008d500000, 0x000000008d600000|  0%| F|  |TAMS 0x000000008d500000, 0x000000008d500000| Untracked 
| 214|0x000000008d600000, 0x000000008d600000, 0x000000008d700000|  0%| F|  |TAMS 0x000000008d600000, 0x000000008d600000| Untracked 
| 215|0x000000008d700000, 0x000000008d700000, 0x000000008d800000|  0%| F|  |TAMS 0x000000008d700000, 0x000000008d700000| Untracked 
| 216|0x000000008d800000, 0x000000008d800000, 0x000000008d900000|  0%| F|  |TAMS 0x000000008d800000, 0x000000008d800000| Untracked 
| 217|0x000000008d900000, 0x000000008d900000, 0x000000008da00000|  0%| F|  |TAMS 0x000000008d900000, 0x000000008d900000| Untracked 
| 218|0x000000008da00000, 0x000000008da00000, 0x000000008db00000|  0%| F|  |TAMS 0x000000008da00000, 0x000000008da00000| Untracked 
| 219|0x000000008db00000, 0x000000008db00000, 0x000000008dc00000|  0%| F|  |TAMS 0x000000008db00000, 0x000000008db00000| Untracked 
| 220|0x000000008dc00000, 0x000000008dc00000, 0x000000008dd00000|  0%| F|  |TAMS 0x000000008dc00000, 0x000000008dc00000| Untracked 
| 221|0x000000008dd00000, 0x000000008dd00000, 0x000000008de00000|  0%| F|  |TAMS 0x000000008dd00000, 0x000000008dd00000| Untracked 
| 222|0x000000008de00000, 0x000000008de00000, 0x000000008df00000|  0%| F|  |TAMS 0x000000008de00000, 0x000000008de00000| Untracked 
| 223|0x000000008df00000, 0x000000008df00000, 0x000000008e000000|  0%| F|  |TAMS 0x000000008df00000, 0x000000008df00000| Untracked 
| 224|0x000000008e000000, 0x000000008e000000, 0x000000008e100000|  0%| F|  |TAMS 0x000000008e000000, 0x000000008e000000| Untracked 
| 225|0x000000008e100000, 0x000000008e100000, 0x000000008e200000|  0%| F|  |TAMS 0x000000008e100000, 0x000000008e100000| Untracked 
| 226|0x000000008e200000, 0x000000008e200000, 0x000000008e300000|  0%| F|  |TAMS 0x000000008e200000, 0x000000008e200000| Untracked 
| 227|0x000000008e300000, 0x000000008e300000, 0x000000008e400000|  0%| F|  |TAMS 0x000000008e300000, 0x000000008e300000| Untracked 
| 228|0x000000008e400000, 0x000000008e400000, 0x000000008e500000|  0%| F|  |TAMS 0x000000008e400000, 0x000000008e400000| Untracked 
| 229|0x000000008e500000, 0x000000008e500000, 0x000000008e600000|  0%| F|  |TAMS 0x000000008e500000, 0x000000008e500000| Untracked 
| 230|0x000000008e600000, 0x000000008e600000, 0x000000008e700000|  0%| F|  |TAMS 0x000000008e600000, 0x000000008e600000| Untracked 
| 231|0x000000008e700000, 0x000000008e700000, 0x000000008e800000|  0%| F|  |TAMS 0x000000008e700000, 0x000000008e700000| Untracked 
| 232|0x000000008e800000, 0x000000008e800000, 0x000000008e900000|  0%| F|  |TAMS 0x000000008e800000, 0x000000008e800000| Untracked 
| 233|0x000000008e900000, 0x000000008e900000, 0x000000008ea00000|  0%| F|  |TAMS 0x000000008e900000, 0x000000008e900000| Untracked 
| 234|0x000000008ea00000, 0x000000008ea00000, 0x000000008eb00000|  0%| F|  |TAMS 0x000000008ea00000, 0x000000008ea00000| Untracked 
| 235|0x000000008eb00000, 0x000000008eb00000, 0x000000008ec00000|  0%| F|  |TAMS 0x000000008eb00000, 0x000000008eb00000| Untracked 
| 236|0x000000008ec00000, 0x000000008ec00000, 0x000000008ed00000|  0%| F|  |TAMS 0x000000008ec00000, 0x000000008ec00000| Untracked 
| 237|0x000000008ed00000, 0x000000008ed00000, 0x000000008ee00000|  0%| F|  |TAMS 0x000000008ed00000, 0x000000008ed00000| Untracked 
| 238|0x000000008ee00000, 0x000000008ee00000, 0x000000008ef00000|  0%| F|  |TAMS 0x000000008ee00000, 0x000000008ee00000| Untracked 
| 239|0x000000008ef00000, 0x000000008ef00000, 0x000000008f000000|  0%| F|  |TAMS 0x000000008ef00000, 0x000000008ef00000| Untracked 
| 240|0x000000008f000000, 0x000000008f000000, 0x000000008f100000|  0%| F|  |TAMS 0x000000008f000000, 0x000000008f000000| Untracked 
| 241|0x000000008f100000, 0x000000008f100000, 0x000000008f200000|  0%| F|  |TAMS 0x000000008f100000, 0x000000008f100000| Untracked 
| 242|0x000000008f200000, 0x000000008f200000, 0x000000008f300000|  0%| F|  |TAMS 0x000000008f200000, 0x000000008f200000| Untracked 
| 243|0x000000008f300000, 0x000000008f300000, 0x000000008f400000|  0%| F|  |TAMS 0x000000008f300000, 0x000000008f300000| Untracked 
| 244|0x000000008f400000, 0x000000008f400000, 0x000000008f500000|  0%| F|  |TAMS 0x000000008f400000, 0x000000008f400000| Untracked 
| 245|0x000000008f500000, 0x000000008f500000, 0x000000008f600000|  0%| F|  |TAMS 0x000000008f500000, 0x000000008f500000| Untracked 
| 246|0x000000008f600000, 0x000000008f600000, 0x000000008f700000|  0%| F|  |TAMS 0x000000008f600000, 0x000000008f600000| Untracked 
| 247|0x000000008f700000, 0x000000008f700000, 0x000000008f800000|  0%| F|  |TAMS 0x000000008f700000, 0x000000008f700000| Untracked 
| 248|0x000000008f800000, 0x000000008f800000, 0x000000008f900000|  0%| F|  |TAMS 0x000000008f800000, 0x000000008f800000| Untracked 
| 249|0x000000008f900000, 0x000000008f900000, 0x000000008fa00000|  0%| F|  |TAMS 0x000000008f900000, 0x000000008f900000| Untracked 
| 250|0x000000008fa00000, 0x000000008fa00000, 0x000000008fb00000|  0%| F|  |TAMS 0x000000008fa00000, 0x000000008fa00000| Untracked 
| 251|0x000000008fb00000, 0x000000008fb00000, 0x000000008fc00000|  0%| F|  |TAMS 0x000000008fb00000, 0x000000008fb00000| Untracked 
| 252|0x000000008fc00000, 0x000000008fc5ff58, 0x000000008fd00000| 37%| S|CS|TAMS 0x000000008fc00000, 0x000000008fc00000| Complete 
| 253|0x000000008fd00000, 0x000000008fe00000, 0x000000008fe00000|100%| S|CS|TAMS 0x000000008fd00000, 0x000000008fd00000| Complete 
| 254|0x000000008fe00000, 0x000000008fee6080, 0x000000008ff00000| 89%| E|  |TAMS 0x000000008fe00000, 0x000000008fe00000| Complete 
| 255|0x000000008ff00000, 0x0000000090000000, 0x0000000090000000|100%| E|  |TAMS 0x000000008ff00000, 0x000000008ff00000| Complete 

Card table byte_map: [0x000001a14ff60000,0x000001a150360000] _byte_map_base: 0x000001a14fb60000

Marking Bits (Prev, Next): (CMBitMap*) 0x000001a13830cb20, (CMBitMap*) 0x000001a13830cae8
 Prev Bits: [0x000001a152760000, 0x000001a154760000)
 Next Bits: [0x000001a150760000, 0x000001a152760000)

Polling page: 0x000001a1360c0000

Metaspace:

Usage:
  Non-class:    114.11 MB capacity,   111.98 MB ( 98%) used,     1.76 MB (  2%) free+waste,   373.31 KB ( <1%) overhead. 
      Class:     16.49 MB capacity,    15.39 MB ( 93%) used,   965.21 KB (  6%) free+waste,   159.06 KB ( <1%) overhead. 
       Both:    130.60 MB capacity,   127.37 MB ( 98%) used,     2.70 MB (  2%) free+waste,   532.38 KB ( <1%) overhead. 

Virtual space:
  Non-class space:      116.00 MB reserved,     114.58 MB ( 99%) committed 
      Class space:        1.00 GB reserved,      16.75 MB (  2%) committed 
             Both:        1.11 GB reserved,     131.33 MB ( 12%) committed 

Chunk freelists:
   Non-Class:  417.00 KB
       Class:  203.00 KB
        Both:  620.00 KB

MaxMetaspaceSize: 17179869184.00 GB
CompressedClassSpaceSize: 1.00 GB

CodeHeap 'non-profiled nmethods': size=120000Kb used=18071Kb max_used=18071Kb free=101928Kb
 bounds [0x000001a148400000, 0x000001a1495b0000, 0x000001a14f930000]
CodeHeap 'profiled nmethods': size=120000Kb used=46474Kb max_used=46881Kb free=73525Kb
 bounds [0x000001a140ed0000, 0x000001a143cf0000, 0x000001a148400000]
CodeHeap 'non-nmethods': size=5760Kb used=2443Kb max_used=2524Kb free=3316Kb
 bounds [0x000001a140930000, 0x000001a140bc0000, 0x000001a140ed0000]
 total_blobs=22651 nmethods=21538 adapters=1021
 compilation: enabled
              stopped_count=0, restarted_count=0
 full_count=0

Compilation events (20 events):
Event: 16262.864 Thread 0x000001a157a8e000 nmethod 26357 0x000001a14199c410 code [0x000001a14199c660, 0x000001a14199cfd8]
Event: 16262.865 Thread 0x000001a157a8e000 26358       3       com.android.tools.r8.graph.t0::c (177 bytes)
Event: 16262.867 Thread 0x000001a157a8e000 nmethod 26358 0x000001a141ede590 code [0x000001a141ede920, 0x000001a141edfee8]
Event: 16262.867 Thread 0x000001a157a8e000 26359       3       com.android.tools.r8.B.a.a.f::a (38 bytes)
Event: 16262.867 Thread 0x000001a157a8e000 nmethod 26359 0x000001a14174db10 code [0x000001a14174dce0, 0x000001a14174e158]
Event: 16262.867 Thread 0x000001a157a8e000 26360       3       com.android.tools.r8.graph.B0$$Lambda$1124/0x0000000100c59040::apply (8 bytes)
Event: 16262.868 Thread 0x000001a157a8e000 nmethod 26360 0x000001a141806d90 code [0x000001a141806f60, 0x000001a141807318]
Event: 16262.871 Thread 0x000001a157a8e000 26361       3       com.android.tools.r8.v.a.a.a.f.J::g (19 bytes)
Event: 16262.871 Thread 0x000001a157a8e000 nmethod 26361 0x000001a141577410 code [0x000001a1415775c0, 0x000001a141577738]
Event: 16262.878 Thread 0x000001a157a8e000 26362       3       com.android.tools.r8.s.a.a.b.f0::<init> (12 bytes)
Event: 16262.878 Thread 0x000001a157a8e000 nmethod 26362 0x000001a14182df10 code [0x000001a14182e0e0, 0x000001a14182e3e8]
Event: 16262.878 Thread 0x000001a157a8e000 26365       3       com.android.tools.r8.v.a.a.a.f.X$d::getValue (13 bytes)
Event: 16262.879 Thread 0x000001a157a8e000 nmethod 26365 0x000001a141582110 code [0x000001a1415822c0, 0x000001a1415823f8]
Event: 16262.879 Thread 0x000001a157a8e000 26366       3       com.android.tools.r8.v.a.a.a.f.X$a::next (25 bytes)
Event: 16262.879 Thread 0x000001a157a8e000 nmethod 26366 0x000001a1418cef90 code [0x000001a1418cf160, 0x000001a1418cf508]
Event: 16262.879 Thread 0x000001a157a8e000 26367       3       com.android.tools.r8.v.a.a.a.f.X$d::<init> (15 bytes)
Event: 16262.879 Thread 0x000001a157a8e000 nmethod 26367 0x000001a141786090 code [0x000001a141786240, 0x000001a1417863f8]
Event: 16262.881 Thread 0x000001a157a8e000 26369       3       com.android.tools.r8.u.b.X::next (114 bytes)
Event: 16262.882 Thread 0x000001a157a8e000 nmethod 26369 0x000001a1419c4710 code [0x000001a1419c49c0, 0x000001a1419c5858]
Event: 16262.882 Thread 0x000001a157a8e000 26376       3       com.android.tools.r8.graph.u0$d::c (801 bytes)

GC Heap History (20 events):
Event: 11627.872 GC heap before
{Heap before GC invocations=48 (full 0):
 garbage-first heap   total 262144K, used 207184K [0x0000000080000000, 0x0000000100000000)
  region size 1024K, 100 young (102400K), 2 survivors (2048K)
 Metaspace       used 126240K, capacity 130512K, committed 130768K, reserved 1163264K
  class space    used 15556K, capacity 16936K, committed 17024K, reserved 1048576K
}
Event: 11627.895 GC heap after
{Heap after GC invocations=49 (full 0):
 garbage-first heap   total 262144K, used 109362K [0x0000000080000000, 0x0000000100000000)
  region size 1024K, 5 young (5120K), 5 survivors (5120K)
 Metaspace       used 126240K, capacity 130512K, committed 130768K, reserved 1163264K
  class space    used 15556K, capacity 16936K, committed 17024K, reserved 1048576K
}
Event: 16256.027 GC heap before
{Heap before GC invocations=50 (full 0):
 garbage-first heap   total 262144K, used 208690K [0x0000000080000000, 0x0000000100000000)
  region size 1024K, 103 young (105472K), 5 survivors (5120K)
 Metaspace       used 125152K, capacity 128268K, committed 130768K, reserved 1163264K
  class space    used 15304K, capacity 16334K, committed 17024K, reserved 1048576K
}
Event: 16256.041 GC heap after
{Heap after GC invocations=51 (full 0):
 garbage-first heap   total 262144K, used 111729K [0x0000000080000000, 0x0000000100000000)
  region size 1024K, 8 young (8192K), 8 survivors (8192K)
 Metaspace       used 125152K, capacity 128268K, committed 130768K, reserved 1163264K
  class space    used 15304K, capacity 16334K, committed 17024K, reserved 1048576K
}
Event: 16256.128 GC heap before
{Heap before GC invocations=51 (full 0):
 garbage-first heap   total 262144K, used 114801K [0x0000000080000000, 0x0000000100000000)
  region size 1024K, 12 young (12288K), 8 survivors (8192K)
 Metaspace       used 125165K, capacity 128275K, committed 130768K, reserved 1163264K
  class space    used 15305K, capacity 16335K, committed 17024K, reserved 1048576K
}
Event: 16256.188 GC heap after
{Heap after GC invocations=52 (full 0):
 garbage-first heap   total 262144K, used 99321K [0x0000000080000000, 0x0000000100000000)
  region size 1024K, 2 young (2048K), 2 survivors (2048K)
 Metaspace       used 125165K, capacity 128275K, committed 130768K, reserved 1163264K
  class space    used 15305K, capacity 16335K, committed 17024K, reserved 1048576K
}
Event: 16256.694 GC heap before
{Heap before GC invocations=52 (full 0):
 garbage-first heap   total 262144K, used 161785K [0x0000000080000000, 0x0000000100000000)
  region size 1024K, 65 young (66560K), 2 survivors (2048K)
 Metaspace       used 125414K, capacity 128613K, committed 130768K, reserved 1163264K
  class space    used 15323K, capacity 16350K, committed 17024K, reserved 1048576K
}
Event: 16256.709 GC heap after
{Heap after GC invocations=53 (full 0):
 garbage-first heap   total 262144K, used 103035K [0x0000000080000000, 0x0000000100000000)
  region size 1024K, 6 young (6144K), 6 survivors (6144K)
 Metaspace       used 125414K, capacity 128613K, committed 130768K, reserved 1163264K
  class space    used 15323K, capacity 16350K, committed 17024K, reserved 1048576K
}
Event: 16258.497 GC heap before
{Heap before GC invocations=54 (full 0):
 garbage-first heap   total 262144K, used 220795K [0x0000000080000000, 0x0000000100000000)
  region size 1024K, 109 young (111616K), 6 survivors (6144K)
 Metaspace       used 128519K, capacity 131822K, committed 133072K, reserved 1165312K
  class space    used 15619K, capacity 16720K, committed 17024K, reserved 1048576K
}
Event: 16258.518 GC heap after
{Heap after GC invocations=55 (full 0):
 garbage-first heap   total 262144K, used 121923K [0x0000000080000000, 0x0000000100000000)
  region size 1024K, 14 young (14336K), 14 survivors (14336K)
 Metaspace       used 128519K, capacity 131822K, committed 133072K, reserved 1165312K
  class space    used 15619K, capacity 16720K, committed 17024K, reserved 1048576K
}
Event: 16258.524 GC heap before
{Heap before GC invocations=55 (full 0):
 garbage-first heap   total 262144K, used 122947K [0x0000000080000000, 0x0000000100000000)
  region size 1024K, 15 young (15360K), 14 survivors (14336K)
 Metaspace       used 128529K, capacity 131828K, committed 133072K, reserved 1165312K
  class space    used 15619K, capacity 16721K, committed 17024K, reserved 1048576K
}
Event: 16258.545 GC heap after
{Heap after GC invocations=56 (full 0):
 garbage-first heap   total 262144K, used 114194K [0x0000000080000000, 0x0000000100000000)
  region size 1024K, 2 young (2048K), 2 survivors (2048K)
 Metaspace       used 128529K, capacity 131828K, committed 133072K, reserved 1165312K
  class space    used 15619K, capacity 16721K, committed 17024K, reserved 1048576K
}
Event: 16260.390 GC heap before
{Heap before GC invocations=56 (full 0):
 garbage-first heap   total 262144K, used 205330K [0x0000000080000000, 0x0000000100000000)
  region size 1024K, 92 young (94208K), 2 survivors (2048K)
 Metaspace       used 128772K, capacity 132104K, committed 133072K, reserved 1165312K
  class space    used 15640K, capacity 16759K, committed 17024K, reserved 1048576K
}
Event: 16260.404 GC heap after
{Heap after GC invocations=57 (full 0):
 garbage-first heap   total 262144K, used 115132K [0x0000000080000000, 0x0000000100000000)
  region size 1024K, 3 young (3072K), 3 survivors (3072K)
 Metaspace       used 128772K, capacity 132104K, committed 133072K, reserved 1165312K
  class space    used 15640K, capacity 16759K, committed 17024K, reserved 1048576K
}
Event: 16261.234 GC heap before
{Heap before GC invocations=58 (full 0):
 garbage-first heap   total 262144K, used 207292K [0x0000000080000000, 0x0000000100000000)
  region size 1024K, 96 young (98304K), 3 survivors (3072K)
 Metaspace       used 128850K, capacity 132091K, committed 133072K, reserved 1165312K
  class space    used 15630K, capacity 16731K, committed 17024K, reserved 1048576K
}
Event: 16261.247 GC heap after
{Heap after GC invocations=59 (full 0):
 garbage-first heap   total 262144K, used 117600K [0x0000000080000000, 0x0000000100000000)
  region size 1024K, 8 young (8192K), 8 survivors (8192K)
 Metaspace       used 128850K, capacity 132091K, committed 133072K, reserved 1165312K
  class space    used 15630K, capacity 16731K, committed 17024K, reserved 1048576K
}
Event: 16261.381 GC heap before
{Heap before GC invocations=59 (full 0):
 garbage-first heap   total 262144K, used 121696K [0x0000000080000000, 0x0000000100000000)
  region size 1024K, 12 young (12288K), 8 survivors (8192K)
 Metaspace       used 128873K, capacity 132156K, committed 133072K, reserved 1165312K
  class space    used 15630K, capacity 16731K, committed 17024K, reserved 1048576K
}
Event: 16261.394 GC heap after
{Heap after GC invocations=60 (full 0):
 garbage-first heap   total 262144K, used 106323K [0x0000000080000000, 0x0000000100000000)
  region size 1024K, 2 young (2048K), 2 survivors (2048K)
 Metaspace       used 128873K, capacity 132156K, committed 133072K, reserved 1165312K
  class space    used 15630K, capacity 16731K, committed 17024K, reserved 1048576K
}
Event: 16261.776 GC heap before
{Heap before GC invocations=60 (full 0):
 garbage-first heap   total 262144K, used 142163K [0x0000000080000000, 0x0000000100000000)
  region size 1024K, 38 young (38912K), 2 survivors (2048K)
 Metaspace       used 129233K, capacity 132524K, committed 133328K, reserved 1165312K
  class space    used 15664K, capacity 16780K, committed 17024K, reserved 1048576K
}
Event: 16261.788 GC heap after
{Heap after GC invocations=61 (full 0):
 garbage-first heap   total 262144K, used 109481K [0x0000000080000000, 0x0000000100000000)
  region size 1024K, 5 young (5120K), 5 survivors (5120K)
 Metaspace       used 129233K, capacity 132524K, committed 133328K, reserved 1165312K
  class space    used 15664K, capacity 16780K, committed 17024K, reserved 1048576K
}

Deoptimization events (20 events):
Event: 16262.880 Thread 0x000001a15da61000 Uncommon trap: trap_request=0xffffff4d fr.pc=0x000001a148a91d3c relative=0x00000000000002fc
Event: 16262.880 Thread 0x000001a15da61000 Uncommon trap: reason=unstable_if action=reinterpret pc=0x000001a148a91d3c method=com.android.tools.r8.u.b.X.next()Ljava/lang/Object; @ 9 c2
Event: 16262.880 Thread 0x000001a15da61000 DEOPT PACKING pc=0x000001a148a91d3c sp=0x0000002be35f9e40
Event: 16262.880 Thread 0x000001a15da61000 DEOPT UNPACKING pc=0x000001a1409574af sp=0x0000002be35f9e00 mode 2
Event: 16262.881 Thread 0x000001a15da61000 Uncommon trap: trap_request=0xffffff4d fr.pc=0x000001a148d848bc relative=0x00000000000002fc
Event: 16262.881 Thread 0x000001a15da61000 Uncommon trap: reason=unstable_if action=reinterpret pc=0x000001a148d848bc method=com.android.tools.r8.u.b.Y.next()Ljava/lang/Object; @ 9 c2
Event: 16262.881 Thread 0x000001a15da61000 DEOPT PACKING pc=0x000001a148d848bc sp=0x0000002be35fa510
Event: 16262.881 Thread 0x000001a15da61000 DEOPT UNPACKING pc=0x000001a1409574af sp=0x0000002be35fa4d0 mode 2
Event: 16262.882 Thread 0x000001a15a3c1000 Uncommon trap: trap_request=0xffffff4d fr.pc=0x000001a148a50e2c relative=0x00000000000005ec
Event: 16262.882 Thread 0x000001a15a3c1000 Uncommon trap: reason=unstable_if action=reinterpret pc=0x000001a148a50e2c method=com.android.tools.r8.graph.u0$c.<init>(Lcom/android/tools/r8/graph/u0$b;ILjava/lang/String;Ljava/lang/String;Ljava/lang/String;Ljava/lang/Object;)V @ 38 c2
Event: 16262.882 Thread 0x000001a15a3c1000 DEOPT PACKING pc=0x000001a148a50e2c sp=0x0000002be15f7b60
Event: 16262.882 Thread 0x000001a15a3c1000 DEOPT UNPACKING pc=0x000001a1409574af sp=0x0000002be15f7a90 mode 2
Event: 16262.882 Thread 0x000001a15da61000 Uncommon trap: trap_request=0xffffff4d fr.pc=0x000001a148a8c73c relative=0x00000000000000fc
Event: 16262.882 Thread 0x000001a15da61000 Uncommon trap: reason=unstable_if action=reinterpret pc=0x000001a148a8c73c method=com.android.tools.r8.u.b.X.hasNext()Z @ 21 c2
Event: 16262.882 Thread 0x000001a15da61000 DEOPT PACKING pc=0x000001a148a8c73c sp=0x0000002be35fa5f0
Event: 16262.882 Thread 0x000001a15da61000 DEOPT UNPACKING pc=0x000001a1409574af sp=0x0000002be35fa590 mode 2
Event: 16262.883 Thread 0x000001a15da61000 Uncommon trap: trap_request=0xffffff4d fr.pc=0x000001a1495546cc relative=0x000000000000020c
Event: 16262.883 Thread 0x000001a15da61000 Uncommon trap: reason=unstable_if action=reinterpret pc=0x000001a1495546cc method=com.android.tools.r8.s.a.a.b.m2.contains(Ljava/lang/Object;)Z @ 10 c2
Event: 16262.883 Thread 0x000001a15da61000 DEOPT PACKING pc=0x000001a1495546cc sp=0x0000002be35fa050
Event: 16262.883 Thread 0x000001a15da61000 DEOPT UNPACKING pc=0x000001a1409574af sp=0x0000002be35f9fe8 mode 2

Classes redefined (0 events):
No events

Internal exceptions (20 events):
Event: 16261.734 Thread 0x000001a15da67000 Exception <a 'sun/nio/fs/WindowsException'{0x000000008e0dfd78}> (0x000000008e0dfd78) thrown at [./src/hotspot/share/prims/jni.cpp, line 615]
Event: 16261.734 Thread 0x000001a15a3c1000 Exception <a 'sun/nio/fs/WindowsException'{0x000000008e1db910}> (0x000000008e1db910) thrown at [./src/hotspot/share/prims/jni.cpp, line 615]
Event: 16261.739 Thread 0x000001a15da69800 Exception <a 'sun/nio/fs/WindowsException'{0x000000008df09a10}> (0x000000008df09a10) thrown at [./src/hotspot/share/prims/jni.cpp, line 615]
Event: 16261.743 Thread 0x000001a15da61000 Exception <a 'sun/nio/fs/WindowsException'{0x000000008df52aa0}> (0x000000008df52aa0) thrown at [./src/hotspot/share/prims/jni.cpp, line 615]
Event: 16261.746 Thread 0x000001a15da6d800 Exception <a 'sun/nio/fs/WindowsException'{0x000000008ec801b8}> (0x000000008ec801b8) thrown at [./src/hotspot/share/prims/jni.cpp, line 615]
Event: 16261.750 Thread 0x000001a15da67000 Exception <a 'sun/nio/fs/WindowsException'{0x000000008de8f940}> (0x000000008de8f940) thrown at [./src/hotspot/share/prims/jni.cpp, line 615]
Event: 16261.802 Thread 0x000001a15da67000 Exception <a 'java/lang/NoSuchMethodError'{0x000000008ff79e58}: <clinit>> (0x000000008ff79e58) thrown at [./src/hotspot/share/prims/jni.cpp, line 1362]
Event: 16261.817 Thread 0x000001a15e092000 Exception <a 'sun/nio/fs/WindowsException'{0x000000008fd24880}> (0x000000008fd24880) thrown at [./src/hotspot/share/prims/jni.cpp, line 615]
Event: 16262.151 Thread 0x000001a15e092000 Exception <a 'sun/nio/fs/WindowsException'{0x000000008d2249f0}> (0x000000008d2249f0) thrown at [./src/hotspot/share/prims/jni.cpp, line 615]
Event: 16262.161 Thread 0x000001a15e092000 Exception <a 'sun/nio/fs/WindowsException'{0x000000008d22b648}> (0x000000008d22b648) thrown at [./src/hotspot/share/prims/jni.cpp, line 615]
Event: 16262.163 Thread 0x000001a15e092000 Exception <a 'sun/nio/fs/WindowsException'{0x000000008d0d0448}> (0x000000008d0d0448) thrown at [./src/hotspot/share/prims/jni.cpp, line 615]
Event: 16262.166 Thread 0x000001a15e092000 Exception <a 'sun/nio/fs/WindowsException'{0x000000008d0d7578}> (0x000000008d0d7578) thrown at [./src/hotspot/share/prims/jni.cpp, line 615]
Event: 16262.168 Thread 0x000001a15e092000 Exception <a 'sun/nio/fs/WindowsException'{0x000000008d0de5b8}> (0x000000008d0de5b8) thrown at [./src/hotspot/share/prims/jni.cpp, line 615]
Event: 16262.169 Thread 0x000001a15e092000 Exception <a 'sun/nio/fs/WindowsException'{0x000000008d0e41a8}> (0x000000008d0e41a8) thrown at [./src/hotspot/share/prims/jni.cpp, line 615]
Event: 16262.846 Thread 0x000001a15da61000 Exception <a 'sun/nio/fs/WindowsException'{0x000000008a523c20}> (0x000000008a523c20) thrown at [./src/hotspot/share/prims/jni.cpp, line 615]
Event: 16262.875 Thread 0x000001a15da61000 Implicit null exception at 0x000001a148a9c27b to 0x000001a148a9c407
Event: 16262.876 Thread 0x000001a15da6d800 Exception <a 'sun/nio/fs/WindowsException'{0x0000000089c0ade8}> (0x0000000089c0ade8) thrown at [./src/hotspot/share/prims/jni.cpp, line 615]
Event: 16262.878 Thread 0x000001a15da61000 Implicit null exception at 0x000001a148a991df to 0x000001a148a992d1
Event: 16262.881 Thread 0x000001a15a3c1000 Exception <a 'sun/nio/fs/WindowsException'{0x0000000089e0d620}> (0x0000000089e0d620) thrown at [./src/hotspot/share/prims/jni.cpp, line 615]
Event: 16262.883 Thread 0x000001a15da61000 Implicit null exception at 0x000001a1495544f6 to 0x000001a1495546b4

Events (20 events):
Event: 16262.863 loading class com/android/tools/r8/r/n/V
Event: 16262.863 loading class com/android/tools/r8/r/n/V done
Event: 16262.866 loading class com/android/tools/r8/r/n/T$a
Event: 16262.866 loading class com/android/tools/r8/r/n/T$a done
Event: 16262.867 loading class com/android/tools/r8/v/a/a/a/f/K$d
Event: 16262.867 loading class com/android/tools/r8/v/a/a/a/f/K$d done
Event: 16262.869 loading class com/android/tools/r8/v/a/a/a/f/K$d$c
Event: 16262.869 loading class com/android/tools/r8/v/a/a/a/f/K$d$c done
Event: 16262.876 loading class com/android/tools/r8/ir/conversion/o0
Event: 16262.876 loading class com/android/tools/r8/ir/conversion/o0 done
Event: 16262.882 loading class com/android/tools/r8/u/b/x
Event: 16262.882 loading class com/android/tools/r8/u/b/x done
Event: 16262.883 loading class com/android/tools/r8/r/n/G
Event: 16262.883 loading class com/android/tools/r8/r/n/G done
Event: 16262.884 loading class com/android/tools/r8/r/n/M
Event: 16262.884 loading class com/android/tools/r8/r/n/M done
Event: 16262.884 loading class com/android/tools/r8/s/a/a/a/v$a
Event: 16262.884 loading class com/android/tools/r8/s/a/a/a/v$a done
Event: 16262.884 loading class com/android/tools/r8/s/a/a/a/v$a
Event: 16262.884 loading class com/android/tools/r8/s/a/a/a/v$a done


Dynamic libraries:
0x00007ff7c7da0000 - 0x00007ff7c7dad000 	C:\Users\Administrator\.jdks\corretto-11.0.8\bin\java.exe
0x00007ffcb99c0000 - 0x00007ffcb9bb0000 	C:\Windows\SYSTEM32\ntdll.dll
0x00007ffcb87c0000 - 0x00007ffcb8872000 	C:\Windows\System32\KERNEL32.DLL
0x00007ffcb6a00000 - 0x00007ffcb6ca5000 	C:\Windows\System32\KERNELBASE.dll
0x00007ffcb78e0000 - 0x00007ffcb79da000 	C:\Windows\System32\ucrtbase.dll
0x00007ffca3c90000 - 0x00007ffca3ca7000 	C:\Users\Administrator\.jdks\corretto-11.0.8\bin\jli.dll
0x00007ffca2270000 - 0x00007ffca2285000 	C:\Users\Administrator\.jdks\corretto-11.0.8\bin\VCRUNTIME140.dll
0x00007ffcb8560000 - 0x00007ffcb86f4000 	C:\Windows\System32\USER32.dll
0x00007ffcb79e0000 - 0x00007ffcb7a01000 	C:\Windows\System32\win32u.dll
0x00007ffca1c00000 - 0x00007ffca1e84000 	C:\Windows\WinSxS\amd64_microsoft.windows.common-controls_6595b64144ccf1df_6.0.18362.1139_none_9e7bf2d3e4605ac6\COMCTL32.dll
0x00007ffcb7af0000 - 0x00007ffcb7b16000 	C:\Windows\System32\GDI32.dll
0x00007ffcb7740000 - 0x00007ffcb78d6000 	C:\Windows\System32\gdi32full.dll
0x00007ffcb9260000 - 0x00007ffcb92fe000 	C:\Windows\System32\msvcrt.dll
0x00007ffcb7630000 - 0x00007ffcb76ce000 	C:\Windows\System32\msvcp_win.dll
0x00007ffcb80c0000 - 0x00007ffcb83f5000 	C:\Windows\System32\combase.dll
0x00007ffcb88e0000 - 0x00007ffcb8a00000 	C:\Windows\System32\RPCRT4.dll
0x00007ffcb6cb0000 - 0x00007ffcb6d30000 	C:\Windows\System32\bcryptPrimitives.dll
0x00007ffcb84c0000 - 0x00007ffcb84ee000 	C:\Windows\System32\IMM32.DLL
0x00007ffc89cc0000 - 0x00007ffc89d5b000 	C:\Users\Administrator\.jdks\corretto-11.0.8\bin\msvcp140.dll
0x00007ffc3d8f0000 - 0x00007ffc3e3ad000 	C:\Users\Administrator\.jdks\corretto-11.0.8\bin\server\jvm.dll
0x00007ffcb7dc0000 - 0x00007ffcb7e63000 	C:\Windows\System32\ADVAPI32.dll
0x00007ffcb8a00000 - 0x00007ffcb8a97000 	C:\Windows\System32\sechost.dll
0x00007ffcb8700000 - 0x00007ffcb8708000 	C:\Windows\System32\PSAPI.DLL
0x00007ffcb31e0000 - 0x00007ffcb31e9000 	C:\Windows\SYSTEM32\WSOCK32.dll
0x00007ffcb46d0000 - 0x00007ffcb46f4000 	C:\Windows\SYSTEM32\WINMM.dll
0x00007ffcaf0a0000 - 0x00007ffcaf0aa000 	C:\Windows\SYSTEM32\VERSION.dll
0x00007ffcb84f0000 - 0x00007ffcb855f000 	C:\Windows\System32\WS2_32.dll
0x00007ffcb4330000 - 0x00007ffcb435d000 	C:\Windows\SYSTEM32\winmmbase.dll
0x00007ffcb76d0000 - 0x00007ffcb771a000 	C:\Windows\System32\cfgmgr32.dll
0x00007ffcb6890000 - 0x00007ffcb68a1000 	C:\Windows\System32\kernel.appcore.dll
0x00007ffca3c80000 - 0x00007ffca3c90000 	C:\Users\Administrator\.jdks\corretto-11.0.8\bin\verify.dll
0x00007ffc9f320000 - 0x00007ffc9f514000 	C:\Windows\SYSTEM32\DBGHELP.DLL
0x00007ffc9f240000 - 0x00007ffc9f26a000 	C:\Windows\SYSTEM32\dbgcore.DLL
0x00007ffca04d0000 - 0x00007ffca04f8000 	C:\Users\Administrator\.jdks\corretto-11.0.8\bin\java.dll
0x00007ffca2140000 - 0x00007ffca214a000 	C:\Users\Administrator\.jdks\corretto-11.0.8\bin\jimage.dll
0x00007ffca0820000 - 0x00007ffca0837000 	C:\Users\Administrator\.jdks\corretto-11.0.8\bin\zip.dll
0x00007ffcb8aa0000 - 0x00007ffcb9187000 	C:\Windows\System32\SHELL32.dll
0x00007ffcb9300000 - 0x00007ffcb93a9000 	C:\Windows\System32\shcore.dll
0x00007ffcb6eb0000 - 0x00007ffcb7630000 	C:\Windows\System32\windows.storage.dll
0x00007ffcb6900000 - 0x00007ffcb6923000 	C:\Windows\System32\profapi.dll
0x00007ffcb68b0000 - 0x00007ffcb68fa000 	C:\Windows\System32\powrprof.dll
0x00007ffcb6880000 - 0x00007ffcb6890000 	C:\Windows\System32\UMPDC.dll
0x00007ffcb8400000 - 0x00007ffcb8452000 	C:\Windows\System32\shlwapi.dll
0x00007ffcb7720000 - 0x00007ffcb7737000 	C:\Windows\System32\cryptsp.dll
0x00007ffca04b0000 - 0x00007ffca04c9000 	C:\Users\Administrator\.jdks\corretto-11.0.8\bin\net.dll
0x00007ffcaee90000 - 0x00007ffcaef80000 	C:\Windows\SYSTEM32\WINHTTP.dll
0x00007ffcb6070000 - 0x00007ffcb60d7000 	C:\Windows\system32\mswsock.dll
0x00007ffca01b0000 - 0x00007ffca01c2000 	C:\Users\Administrator\.jdks\corretto-11.0.8\bin\nio.dll
0x00007ffcb1200000 - 0x00007ffcb1226000 	C:\Users\Administrator\.gradle\native\31\windows-amd64\native-platform.dll
0x00007ffca2130000 - 0x00007ffca2139000 	C:\Users\Administrator\.jdks\corretto-11.0.8\bin\management.dll
0x00007ffca20e0000 - 0x00007ffca20eb000 	C:\Users\Administrator\.jdks\corretto-11.0.8\bin\management_ext.dll
0x00007ffcb5be0000 - 0x00007ffcb5c13000 	C:\Windows\system32\rsaenh.dll
0x00007ffcb6d30000 - 0x00007ffcb6d56000 	C:\Windows\System32\bcrypt.dll
0x00007ffcb6760000 - 0x00007ffcb6785000 	C:\Windows\SYSTEM32\USERENV.dll
0x00007ffcb6240000 - 0x00007ffcb624c000 	C:\Windows\SYSTEM32\CRYPTBASE.dll
0x00007ffcb5d80000 - 0x00007ffcb5dba000 	C:\Windows\SYSTEM32\IPHLPAPI.DLL
0x00007ffcb7e90000 - 0x00007ffcb7e98000 	C:\Windows\System32\NSI.dll
0x00007ffcaed00000 - 0x00007ffcaed16000 	C:\Windows\SYSTEM32\dhcpcsvc6.DLL
0x00007ffcaece0000 - 0x00007ffcaecfc000 	C:\Windows\SYSTEM32\dhcpcsvc.DLL
0x00007ffcb5dc0000 - 0x00007ffcb5e8b000 	C:\Windows\SYSTEM32\DNSAPI.dll
0x00007ffc9f140000 - 0x00007ffc9f165000 	C:\Users\Administrator\.jdks\corretto-11.0.8\bin\sunec.dll
0x00007ffcb1ee0000 - 0x00007ffcb1eea000 	C:\Windows\System32\rasadhlp.dll
0x00007ffca93c0000 - 0x00007ffca9437000 	C:\Windows\System32\fwpuclnt.dll
0x00007ffcb31f0000 - 0x00007ffcb31fe000 	C:\Users\Administrator\.jdks\corretto-11.0.8\bin\sunmscapi.dll
0x00007ffcb6d60000 - 0x00007ffcb6ea9000 	C:\Windows\System32\CRYPT32.dll
0x00007ffcb6930000 - 0x00007ffcb6942000 	C:\Windows\System32\MSASN1.dll
0x00007ffcb6340000 - 0x00007ffcb6366000 	C:\Windows\SYSTEM32\ncrypt.dll
0x00007ffcb6300000 - 0x00007ffcb633b000 	C:\Windows\SYSTEM32\NTASN1.dll
0x00007ffcb58c0000 - 0x00007ffcb58f1000 	C:\Windows\SYSTEM32\ntmarta.dll
0x00007ffc53960000 - 0x00007ffc53af9000 	C:\Users\Administrator\.jdks\corretto-11.0.8\bin\awt.dll
0x00007ffcb9190000 - 0x00007ffcb9255000 	C:\Windows\System32\OLEAUT32.dll
0x00007ffcb4a10000 - 0x00007ffcb4a9f000 	C:\Windows\SYSTEM32\apphelp.dll
0x00007ffcb5000000 - 0x00007ffcb502d000 	C:\Windows\system32\DWMAPI.DLL
0x00007ffcb4bd0000 - 0x00007ffcb4c69000 	C:\Windows\system32\uxtheme.dll

dbghelp: loaded successfully - version: 4.0.5 - missing functions: none
symbol engine: initialized successfully - sym options: 0x614 - pdb path: .;C:\Users\Administrator\.jdks\corretto-11.0.8\bin;C:\Windows\SYSTEM32;C:\Windows\WinSxS\amd64_microsoft.windows.common-controls_6595b64144ccf1df_6.0.18362.1139_none_9e7bf2d3e4605ac6;C:\Users\Administrator\.jdks\corretto-11.0.8\bin\server;C:\Users\Administrator\.gradle\native\31\windows-amd64

VM Arguments:
jvm_args: --add-opens=java.base/java.util=ALL-UNNAMED --add-opens=java.base/java.lang=ALL-UNNAMED --add-opens=java.base/java.lang.invoke=ALL-UNNAMED --add-opens=java.prefs/java.util.prefs=ALL-UNNAMED -Xmx2048m -Dfile.encoding=windows-1252 -Duser.country=US -Duser.language=en -Duser.variant 
java_command: org.gradle.launcher.daemon.bootstrap.GradleDaemon 6.1.1
java_class_path (initial): C:\Users\Administrator\.gradle\wrapper\dists\gradle-6.1.1-all\cfmwm155h49vnt3hynmlrsdst\gradle-6.1.1\lib\gradle-launcher-6.1.1.jar
Launcher Type: SUN_STANDARD

[Global flags]
     intx CICompilerCount                          = 4                                         {product} {ergonomic}
     uint ConcGCThreads                            = 2                                         {product} {ergonomic}
     uint G1ConcRefinementThreads                  = 8                                         {product} {ergonomic}
   size_t G1HeapRegionSize                         = 1048576                                   {product} {ergonomic}
    uintx GCDrainStackTargetSize                   = 64                                        {product} {ergonomic}
   size_t InitialHeapSize                          = 268435456                                 {product} {ergonomic}
   size_t MarkStackSize                            = 4194304                                   {product} {ergonomic}
   size_t MaxHeapSize                              = 2147483648                                {product} {command line}
   size_t MaxNewSize                               = 1287651328                                {product} {ergonomic}
   size_t MinHeapDeltaBytes                        = 1048576                                   {product} {ergonomic}
    uintx NonNMethodCodeHeapSize                   = 5836300                                {pd product} {ergonomic}
    uintx NonProfiledCodeHeapSize                  = 122910970                              {pd product} {ergonomic}
    uintx ProfiledCodeHeapSize                     = 122910970                              {pd product} {ergonomic}
    uintx ReservedCodeCacheSize                    = 251658240                              {pd product} {ergonomic}
     bool SegmentedCodeCache                       = true                                      {product} {ergonomic}
     bool UseCompressedClassPointers               = true                                 {lp64_product} {ergonomic}
     bool UseCompressedOops                        = true                                 {lp64_product} {ergonomic}
     bool UseG1GC                                  = true                                      {product} {ergonomic}
     bool UseLargePagesIndividualAllocation        = false                                  {pd product} {ergonomic}

Logging:
Log output configuration:
 #0: stdout all=warning uptime,level,tags
 #1: stderr all=off uptime,level,tags

Environment Variables:
PATH=C:\Program Files (x86)\Intel\iCLS Client\;C:\Program Files\Intel\iCLS Client\;C:\Windows\system32;C:\Windows;C:\Windows\System32\Wbem;C:\Windows\System32\WindowsPowerShell\v1.0\;C:\Windows\System32\OpenSSH\;C:\Program Files\NVIDIA Corporation\NVIDIA NvDLISR;C:\Program Files (x86)\NVIDIA Corporation\PhysX\Common;C:\Program Files (x86)\Intel\Intel(R) Management Engine Components\DAL;C:\Program Files\Intel\Intel(R) Management Engine Components\DAL;C:\Program Files (x86)\Intel\Intel(R) Management Engine Components\IPT;C:\Program Files\Intel\Intel(R) Management Engine Components\IPT;C:\Program Files\dotnet\;C:\Program Files\Microsoft SQL Server\130\Tools\Binn\;C:\Program Files\Microsoft SQL Server\Client SDK\ODBC\170\Tools\Binn\;C:\Program Files (x86)\Microsoft SQL Server\150\Tools\Binn\;C:\Program Files\Microsoft SQL Server\150\Tools\Binn\;C:\Program Files\Microsoft SQL Server\150\DTS\Binn\;C:\Program Files (x86)\Microsoft SQL Server\150\DTS\Binn\;C:\Users\Administrator\AppData\Local\Microsoft\WindowsApps;C:\Users\Administrator\.dotnet\tools
USERNAME=Administrator
OS=Windows_NT
PROCESSOR_IDENTIFIER=Intel64 Family 6 Model 158 Stepping 9, GenuineIntel



---------------  S Y S T E M  ---------------

OS: Windows 10 , 64 bit Build 18362 (10.0.18362.1110)
OS uptime: 0 days 4:57 hours

CPU:total 8 (initial active 8) (4 cores per cpu, 2 threads per core) family 6 model 158 stepping 9, cmov, cx8, fxsr, mmx, sse, sse2, sse3, ssse3, sse4.1, sse4.2, popcnt, avx, avx2, aes, clmul, erms, 3dnowpref, lzcnt, ht, tsc, tscinvbit, bmi1, bmi2, adx, fma

Memory: 4k page, system-wide physical 16276M (2938M free)
TotalPageFile size 16276M (AvailPageFile size 0M)
current process WorkingSet (physical memory assigned to process): 652M, peak: 657M
current process commit charge ("private bytes"): 693M, peak: 698M

vm_info: OpenJDK 64-Bit Server VM (11.0.8+10-LTS) for windows-amd64 JRE (11.0.8+10-LTS), built on Jul 13 2020 00:42:50 by "Administrator" with MS VC++ 15.9 (VS2017)

END.
